Error: Cannot find module 'koa'
Require stack:
- /Users/liuxing/Documents/Study/WeChat/koa-ws/src/index.js
    at Function.Module._resolveFilename (internal/modules/cjs/loader.js:966:15)
    at Module.Hook._require.Module.require (/usr/local/lib/node_modules/pm2/node_modules/require-in-the-middle/index.js:61:29)
    at require (internal/modules/cjs/helpers.js:72:18)
    at Object.<anonymous> (/Users/liuxing/Documents/Study/WeChat/koa-ws/src/index.js:1:13)
    at Module._compile (internal/modules/cjs/loader.js:1138:30)
    at Object.Module._extensions..js (internal/modules/cjs/loader.js:1158:10)
    at Module.load (internal/modules/cjs/loader.js:986:32)
    at Function.Module._load (internal/modules/cjs/loader.js:879:14)
    at /usr/local/lib/node_modules/pm2/lib/ProcessContainer.js:303:25
    at wrapper (/usr/local/lib/node_modules/pm2/node_modules/async/internal/once.js:12:16)
Error: Cannot find module 'koa'
Require stack:
- /Users/liuxing/Documents/Study/WeChat/koa-ws/src/index.js
    at Function.Module._resolveFilename (internal/modules/cjs/loader.js:966:15)
    at Module.Hook._require.Module.require (/usr/local/lib/node_modules/pm2/node_modules/require-in-the-middle/index.js:61:29)
    at require (internal/modules/cjs/helpers.js:72:18)
    at Object.<anonymous> (/Users/liuxing/Documents/Study/WeChat/koa-ws/src/index.js:1:13)
    at Module._compile (internal/modules/cjs/loader.js:1138:30)
    at Object.Module._extensions..js (internal/modules/cjs/loader.js:1158:10)
    at Module.load (internal/modules/cjs/loader.js:986:32)
    at Function.Module._load (internal/modules/cjs/loader.js:879:14)
    at /usr/local/lib/node_modules/pm2/lib/ProcessContainer.js:303:25
    at wrapper (/usr/local/lib/node_modules/pm2/node_modules/async/internal/once.js:12:16)
Error: Cannot find module 'koa'
Require stack:
- /Users/liuxing/Documents/Study/WeChat/koa-ws/src/index.js
    at Function.Module._resolveFilename (internal/modules/cjs/loader.js:966:15)
    at Module.Hook._require.Module.require (/usr/local/lib/node_modules/pm2/node_modules/require-in-the-middle/index.js:61:29)
    at require (internal/modules/cjs/helpers.js:72:18)
    at Object.<anonymous> (/Users/liuxing/Documents/Study/WeChat/koa-ws/src/index.js:1:13)
    at Module._compile (internal/modules/cjs/loader.js:1138:30)
    at Object.Module._extensions..js (internal/modules/cjs/loader.js:1158:10)
    at Module.load (internal/modules/cjs/loader.js:986:32)
    at Function.Module._load (internal/modules/cjs/loader.js:879:14)
    at /usr/local/lib/node_modules/pm2/lib/ProcessContainer.js:303:25
    at wrapper (/usr/local/lib/node_modules/pm2/node_modules/async/internal/once.js:12:16)
Error: Cannot find module 'koa'
Require stack:
- /Users/liuxing/Documents/Study/WeChat/koa-ws/src/index.js
    at Function.Module._resolveFilename (internal/modules/cjs/loader.js:966:15)
    at Module.Hook._require.Module.require (/usr/local/lib/node_modules/pm2/node_modules/require-in-the-middle/index.js:61:29)
    at require (internal/modules/cjs/helpers.js:72:18)
    at Object.<anonymous> (/Users/liuxing/Documents/Study/WeChat/koa-ws/src/index.js:1:13)
    at Module._compile (internal/modules/cjs/loader.js:1138:30)
    at Object.Module._extensions..js (internal/modules/cjs/loader.js:1158:10)
    at Module.load (internal/modules/cjs/loader.js:986:32)
    at Function.Module._load (internal/modules/cjs/loader.js:879:14)
    at /usr/local/lib/node_modules/pm2/lib/ProcessContainer.js:303:25
    at wrapper (/usr/local/lib/node_modules/pm2/node_modules/async/internal/once.js:12:16)
Error: Cannot find module 'koa'
Require stack:
- /Users/liuxing/Documents/Study/WeChat/koa-ws/src/index.js
    at Function.Module._resolveFilename (internal/modules/cjs/loader.js:966:15)
    at Module.Hook._require.Module.require (/usr/local/lib/node_modules/pm2/node_modules/require-in-the-middle/index.js:61:29)
    at require (internal/modules/cjs/helpers.js:72:18)
    at Object.<anonymous> (/Users/liuxing/Documents/Study/WeChat/koa-ws/src/index.js:1:13)
    at Module._compile (internal/modules/cjs/loader.js:1138:30)
    at Object.Module._extensions..js (internal/modules/cjs/loader.js:1158:10)
    at Module.load (internal/modules/cjs/loader.js:986:32)
    at Function.Module._load (internal/modules/cjs/loader.js:879:14)
    at /usr/local/lib/node_modules/pm2/lib/ProcessContainer.js:303:25
    at wrapper (/usr/local/lib/node_modules/pm2/node_modules/async/internal/once.js:12:16)
Error: Cannot find module 'koa'
Require stack:
- /Users/liuxing/Documents/Study/WeChat/koa-ws/src/index.js
    at Function.Module._resolveFilename (internal/modules/cjs/loader.js:966:15)
    at Module.Hook._require.Module.require (/usr/local/lib/node_modules/pm2/node_modules/require-in-the-middle/index.js:61:29)
    at require (internal/modules/cjs/helpers.js:72:18)
    at Object.<anonymous> (/Users/liuxing/Documents/Study/WeChat/koa-ws/src/index.js:1:13)
    at Module._compile (internal/modules/cjs/loader.js:1138:30)
    at Object.Module._extensions..js (internal/modules/cjs/loader.js:1158:10)
    at Module.load (internal/modules/cjs/loader.js:986:32)
    at Function.Module._load (internal/modules/cjs/loader.js:879:14)
    at /usr/local/lib/node_modules/pm2/lib/ProcessContainer.js:303:25
    at wrapper (/usr/local/lib/node_modules/pm2/node_modules/async/internal/once.js:12:16)
Error: Cannot find module 'koa'
Require stack:
- /Users/liuxing/Documents/Study/WeChat/koa-ws/src/index.js
    at Function.Module._resolveFilename (internal/modules/cjs/loader.js:966:15)
    at Module.Hook._require.Module.require (/usr/local/lib/node_modules/pm2/node_modules/require-in-the-middle/index.js:61:29)
    at require (internal/modules/cjs/helpers.js:72:18)
    at Object.<anonymous> (/Users/liuxing/Documents/Study/WeChat/koa-ws/src/index.js:1:13)
    at Module._compile (internal/modules/cjs/loader.js:1138:30)
    at Object.Module._extensions..js (internal/modules/cjs/loader.js:1158:10)
    at Module.load (internal/modules/cjs/loader.js:986:32)
    at Function.Module._load (internal/modules/cjs/loader.js:879:14)
    at /usr/local/lib/node_modules/pm2/lib/ProcessContainer.js:303:25
    at wrapper (/usr/local/lib/node_modules/pm2/node_modules/async/internal/once.js:12:16)
Error: Cannot find module 'koa'
Require stack:
- /Users/liuxing/Documents/Study/WeChat/koa-ws/src/index.js
    at Function.Module._resolveFilename (internal/modules/cjs/loader.js:966:15)
    at Module.Hook._require.Module.require (/usr/local/lib/node_modules/pm2/node_modules/require-in-the-middle/index.js:61:29)
    at require (internal/modules/cjs/helpers.js:72:18)
    at Object.<anonymous> (/Users/liuxing/Documents/Study/WeChat/koa-ws/src/index.js:1:13)
    at Module._compile (internal/modules/cjs/loader.js:1138:30)
    at Object.Module._extensions..js (internal/modules/cjs/loader.js:1158:10)
    at Module.load (internal/modules/cjs/loader.js:986:32)
    at Function.Module._load (internal/modules/cjs/loader.js:879:14)
    at /usr/local/lib/node_modules/pm2/lib/ProcessContainer.js:303:25
    at wrapper (/usr/local/lib/node_modules/pm2/node_modules/async/internal/once.js:12:16)
Error: Cannot find module 'koa'
Require stack:
- /Users/liuxing/Documents/Study/WeChat/koa-ws/src/index.js
    at Function.Module._resolveFilename (internal/modules/cjs/loader.js:966:15)
    at Module.Hook._require.Module.require (/usr/local/lib/node_modules/pm2/node_modules/require-in-the-middle/index.js:61:29)
    at require (internal/modules/cjs/helpers.js:72:18)
    at Object.<anonymous> (/Users/liuxing/Documents/Study/WeChat/koa-ws/src/index.js:1:13)
    at Module._compile (internal/modules/cjs/loader.js:1138:30)
    at Object.Module._extensions..js (internal/modules/cjs/loader.js:1158:10)
    at Module.load (internal/modules/cjs/loader.js:986:32)
    at Function.Module._load (internal/modules/cjs/loader.js:879:14)
    at /usr/local/lib/node_modules/pm2/lib/ProcessContainer.js:303:25
    at wrapper (/usr/local/lib/node_modules/pm2/node_modules/async/internal/once.js:12:16)
Error: Cannot find module 'koa'
Require stack:
- /Users/liuxing/Documents/Study/WeChat/koa-ws/src/index.js
    at Function.Module._resolveFilename (internal/modules/cjs/loader.js:966:15)
    at Module.Hook._require.Module.require (/usr/local/lib/node_modules/pm2/node_modules/require-in-the-middle/index.js:61:29)
    at require (internal/modules/cjs/helpers.js:72:18)
    at Object.<anonymous> (/Users/liuxing/Documents/Study/WeChat/koa-ws/src/index.js:1:13)
    at Module._compile (internal/modules/cjs/loader.js:1138:30)
    at Object.Module._extensions..js (internal/modules/cjs/loader.js:1158:10)
    at Module.load (internal/modules/cjs/loader.js:986:32)
    at Function.Module._load (internal/modules/cjs/loader.js:879:14)
    at /usr/local/lib/node_modules/pm2/lib/ProcessContainer.js:303:25
    at wrapper (/usr/local/lib/node_modules/pm2/node_modules/async/internal/once.js:12:16)
Error: Cannot find module 'koa'
Require stack:
- /Users/liuxing/Documents/Study/WeChat/koa-ws/src/index.js
    at Function.Module._resolveFilename (internal/modules/cjs/loader.js:966:15)
    at Module.Hook._require.Module.require (/usr/local/lib/node_modules/pm2/node_modules/require-in-the-middle/index.js:61:29)
    at require (internal/modules/cjs/helpers.js:72:18)
    at Object.<anonymous> (/Users/liuxing/Documents/Study/WeChat/koa-ws/src/index.js:1:13)
    at Module._compile (internal/modules/cjs/loader.js:1138:30)
    at Object.Module._extensions..js (internal/modules/cjs/loader.js:1158:10)
    at Module.load (internal/modules/cjs/loader.js:986:32)
    at Function.Module._load (internal/modules/cjs/loader.js:879:14)
    at /usr/local/lib/node_modules/pm2/lib/ProcessContainer.js:303:25
    at wrapper (/usr/local/lib/node_modules/pm2/node_modules/async/internal/once.js:12:16)
Error: Cannot find module 'koa'
Require stack:
- /Users/liuxing/Documents/Study/WeChat/koa-ws/src/index.js
    at Function.Module._resolveFilename (internal/modules/cjs/loader.js:966:15)
    at Module.Hook._require.Module.require (/usr/local/lib/node_modules/pm2/node_modules/require-in-the-middle/index.js:61:29)
    at require (internal/modules/cjs/helpers.js:72:18)
    at Object.<anonymous> (/Users/liuxing/Documents/Study/WeChat/koa-ws/src/index.js:1:13)
    at Module._compile (internal/modules/cjs/loader.js:1138:30)
    at Object.Module._extensions..js (internal/modules/cjs/loader.js:1158:10)
    at Module.load (internal/modules/cjs/loader.js:986:32)
    at Function.Module._load (internal/modules/cjs/loader.js:879:14)
    at /usr/local/lib/node_modules/pm2/lib/ProcessContainer.js:303:25
    at wrapper (/usr/local/lib/node_modules/pm2/node_modules/async/internal/once.js:12:16)
Error: Cannot find module 'koa'
Require stack:
- /Users/liuxing/Documents/Study/WeChat/koa-ws/src/index.js
    at Function.Module._resolveFilename (internal/modules/cjs/loader.js:966:15)
    at Module.Hook._require.Module.require (/usr/local/lib/node_modules/pm2/node_modules/require-in-the-middle/index.js:61:29)
    at require (internal/modules/cjs/helpers.js:72:18)
    at Object.<anonymous> (/Users/liuxing/Documents/Study/WeChat/koa-ws/src/index.js:1:13)
    at Module._compile (internal/modules/cjs/loader.js:1138:30)
    at Object.Module._extensions..js (internal/modules/cjs/loader.js:1158:10)
    at Module.load (internal/modules/cjs/loader.js:986:32)
    at Function.Module._load (internal/modules/cjs/loader.js:879:14)
    at /usr/local/lib/node_modules/pm2/lib/ProcessContainer.js:303:25
    at wrapper (/usr/local/lib/node_modules/pm2/node_modules/async/internal/once.js:12:16)
Error: Cannot find module 'koa'
Require stack:
- /Users/liuxing/Documents/Study/WeChat/koa-ws/src/index.js
    at Function.Module._resolveFilename (internal/modules/cjs/loader.js:966:15)
    at Module.Hook._require.Module.require (/usr/local/lib/node_modules/pm2/node_modules/require-in-the-middle/index.js:61:29)
    at require (internal/modules/cjs/helpers.js:72:18)
    at Object.<anonymous> (/Users/liuxing/Documents/Study/WeChat/koa-ws/src/index.js:1:13)
    at Module._compile (internal/modules/cjs/loader.js:1138:30)
    at Object.Module._extensions..js (internal/modules/cjs/loader.js:1158:10)
    at Module.load (internal/modules/cjs/loader.js:986:32)
    at Function.Module._load (internal/modules/cjs/loader.js:879:14)
    at /usr/local/lib/node_modules/pm2/lib/ProcessContainer.js:303:25
    at wrapper (/usr/local/lib/node_modules/pm2/node_modules/async/internal/once.js:12:16)
Error: Cannot find module 'koa'
Require stack:
- /Users/liuxing/Documents/Study/WeChat/koa-ws/src/index.js
    at Function.Module._resolveFilename (internal/modules/cjs/loader.js:966:15)
    at Module.Hook._require.Module.require (/usr/local/lib/node_modules/pm2/node_modules/require-in-the-middle/index.js:61:29)
    at require (internal/modules/cjs/helpers.js:72:18)
    at Object.<anonymous> (/Users/liuxing/Documents/Study/WeChat/koa-ws/src/index.js:1:13)
    at Module._compile (internal/modules/cjs/loader.js:1138:30)
    at Object.Module._extensions..js (internal/modules/cjs/loader.js:1158:10)
    at Module.load (internal/modules/cjs/loader.js:986:32)
    at Function.Module._load (internal/modules/cjs/loader.js:879:14)
    at /usr/local/lib/node_modules/pm2/lib/ProcessContainer.js:303:25
    at wrapper (/usr/local/lib/node_modules/pm2/node_modules/async/internal/once.js:12:16)
Error: Cannot find module 'koa'
Require stack:
- /Users/liuxing/Documents/Study/WeChat/koa-ws/src/index.js
    at Function.Module._resolveFilename (internal/modules/cjs/loader.js:966:15)
    at Module.Hook._require.Module.require (/usr/local/lib/node_modules/pm2/node_modules/require-in-the-middle/index.js:61:29)
    at require (internal/modules/cjs/helpers.js:72:18)
    at Object.<anonymous> (/Users/liuxing/Documents/Study/WeChat/koa-ws/src/index.js:1:13)
    at Module._compile (internal/modules/cjs/loader.js:1138:30)
    at Object.Module._extensions..js (internal/modules/cjs/loader.js:1158:10)
    at Module.load (internal/modules/cjs/loader.js:986:32)
    at Function.Module._load (internal/modules/cjs/loader.js:879:14)
    at /usr/local/lib/node_modules/pm2/lib/ProcessContainer.js:303:25
    at wrapper (/usr/local/lib/node_modules/pm2/node_modules/async/internal/once.js:12:16)
Error: Cannot find module 'koa'
Require stack:
- /Users/liuxing/Documents/Study/WeChat/koa-ws/src/index.js
    at Function.Module._resolveFilename (internal/modules/cjs/loader.js:966:15)
    at Module.Hook._require.Module.require (/usr/local/lib/node_modules/pm2/node_modules/require-in-the-middle/index.js:61:29)
    at require (internal/modules/cjs/helpers.js:72:18)
    at Object.<anonymous> (/Users/liuxing/Documents/Study/WeChat/koa-ws/src/index.js:1:13)
    at Module._compile (internal/modules/cjs/loader.js:1138:30)
    at Object.Module._extensions..js (internal/modules/cjs/loader.js:1158:10)
    at Module.load (internal/modules/cjs/loader.js:986:32)
    at Function.Module._load (internal/modules/cjs/loader.js:879:14)
    at /usr/local/lib/node_modules/pm2/lib/ProcessContainer.js:303:25
    at wrapper (/usr/local/lib/node_modules/pm2/node_modules/async/internal/once.js:12:16)
Error: Cannot find module 'koa'
Require stack:
- /Users/liuxing/Documents/Study/WeChat/koa-ws/src/index.js
    at Function.Module._resolveFilename (internal/modules/cjs/loader.js:966:15)
    at Module.Hook._require.Module.require (/usr/local/lib/node_modules/pm2/node_modules/require-in-the-middle/index.js:61:29)
    at require (internal/modules/cjs/helpers.js:72:18)
    at Object.<anonymous> (/Users/liuxing/Documents/Study/WeChat/koa-ws/src/index.js:1:13)
    at Module._compile (internal/modules/cjs/loader.js:1138:30)
    at Object.Module._extensions..js (internal/modules/cjs/loader.js:1158:10)
    at Module.load (internal/modules/cjs/loader.js:986:32)
    at Function.Module._load (internal/modules/cjs/loader.js:879:14)
    at /usr/local/lib/node_modules/pm2/lib/ProcessContainer.js:303:25
    at wrapper (/usr/local/lib/node_modules/pm2/node_modules/async/internal/once.js:12:16)
Error: Cannot find module 'koa'
Require stack:
- /Users/liuxing/Documents/Study/WeChat/koa-ws/src/index.js
    at Function.Module._resolveFilename (internal/modules/cjs/loader.js:966:15)
    at Module.Hook._require.Module.require (/usr/local/lib/node_modules/pm2/node_modules/require-in-the-middle/index.js:61:29)
    at require (internal/modules/cjs/helpers.js:72:18)
    at Object.<anonymous> (/Users/liuxing/Documents/Study/WeChat/koa-ws/src/index.js:1:13)
    at Module._compile (internal/modules/cjs/loader.js:1138:30)
    at Object.Module._extensions..js (internal/modules/cjs/loader.js:1158:10)
    at Module.load (internal/modules/cjs/loader.js:986:32)
    at Function.Module._load (internal/modules/cjs/loader.js:879:14)
    at /usr/local/lib/node_modules/pm2/lib/ProcessContainer.js:303:25
    at wrapper (/usr/local/lib/node_modules/pm2/node_modules/async/internal/once.js:12:16)
Error: Cannot find module 'koa'
Require stack:
- /Users/liuxing/Documents/Study/WeChat/koa-ws/src/index.js
    at Function.Module._resolveFilename (internal/modules/cjs/loader.js:966:15)
    at Module.Hook._require.Module.require (/usr/local/lib/node_modules/pm2/node_modules/require-in-the-middle/index.js:61:29)
    at require (internal/modules/cjs/helpers.js:72:18)
    at Object.<anonymous> (/Users/liuxing/Documents/Study/WeChat/koa-ws/src/index.js:1:13)
    at Module._compile (internal/modules/cjs/loader.js:1138:30)
    at Object.Module._extensions..js (internal/modules/cjs/loader.js:1158:10)
    at Module.load (internal/modules/cjs/loader.js:986:32)
    at Function.Module._load (internal/modules/cjs/loader.js:879:14)
    at /usr/local/lib/node_modules/pm2/lib/ProcessContainer.js:303:25
    at wrapper (/usr/local/lib/node_modules/pm2/node_modules/async/internal/once.js:12:16)
Error: Cannot find module 'koa'
Require stack:
- /Users/liuxing/Documents/Study/WeChat/koa-ws/src/index.js
    at Function.Module._resolveFilename (internal/modules/cjs/loader.js:966:15)
    at Module.Hook._require.Module.require (/usr/local/lib/node_modules/pm2/node_modules/require-in-the-middle/index.js:61:29)
    at require (internal/modules/cjs/helpers.js:72:18)
    at Object.<anonymous> (/Users/liuxing/Documents/Study/WeChat/koa-ws/src/index.js:1:13)
    at Module._compile (internal/modules/cjs/loader.js:1138:30)
    at Object.Module._extensions..js (internal/modules/cjs/loader.js:1158:10)
    at Module.load (internal/modules/cjs/loader.js:986:32)
    at Function.Module._load (internal/modules/cjs/loader.js:879:14)
    at /usr/local/lib/node_modules/pm2/lib/ProcessContainer.js:303:25
    at wrapper (/usr/local/lib/node_modules/pm2/node_modules/async/internal/once.js:12:16)
Error: Cannot find module 'koa'
Require stack:
- /Users/liuxing/Documents/Study/WeChat/koa-ws/src/index.js
    at Function.Module._resolveFilename (internal/modules/cjs/loader.js:966:15)
    at Module.Hook._require.Module.require (/usr/local/lib/node_modules/pm2/node_modules/require-in-the-middle/index.js:61:29)
    at require (internal/modules/cjs/helpers.js:72:18)
    at Object.<anonymous> (/Users/liuxing/Documents/Study/WeChat/koa-ws/src/index.js:1:13)
    at Module._compile (internal/modules/cjs/loader.js:1138:30)
    at Object.Module._extensions..js (internal/modules/cjs/loader.js:1158:10)
    at Module.load (internal/modules/cjs/loader.js:986:32)
    at Function.Module._load (internal/modules/cjs/loader.js:879:14)
    at /usr/local/lib/node_modules/pm2/lib/ProcessContainer.js:303:25
    at wrapper (/usr/local/lib/node_modules/pm2/node_modules/async/internal/once.js:12:16)
Error: Cannot find module 'koa'
Require stack:
- /Users/liuxing/Documents/Study/WeChat/koa-ws/src/index.js
    at Function.Module._resolveFilename (internal/modules/cjs/loader.js:966:15)
    at Module.Hook._require.Module.require (/usr/local/lib/node_modules/pm2/node_modules/require-in-the-middle/index.js:61:29)
    at require (internal/modules/cjs/helpers.js:72:18)
    at Object.<anonymous> (/Users/liuxing/Documents/Study/WeChat/koa-ws/src/index.js:1:13)
    at Module._compile (internal/modules/cjs/loader.js:1138:30)
    at Object.Module._extensions..js (internal/modules/cjs/loader.js:1158:10)
    at Module.load (internal/modules/cjs/loader.js:986:32)
    at Function.Module._load (internal/modules/cjs/loader.js:879:14)
    at /usr/local/lib/node_modules/pm2/lib/ProcessContainer.js:303:25
    at wrapper (/usr/local/lib/node_modules/pm2/node_modules/async/internal/once.js:12:16)
Error: Cannot find module 'koa'
Require stack:
- /Users/liuxing/Documents/Study/WeChat/koa-ws/src/index.js
    at Function.Module._resolveFilename (internal/modules/cjs/loader.js:966:15)
    at Module.Hook._require.Module.require (/usr/local/lib/node_modules/pm2/node_modules/require-in-the-middle/index.js:61:29)
    at require (internal/modules/cjs/helpers.js:72:18)
    at Object.<anonymous> (/Users/liuxing/Documents/Study/WeChat/koa-ws/src/index.js:1:13)
    at Module._compile (internal/modules/cjs/loader.js:1138:30)
    at Object.Module._extensions..js (internal/modules/cjs/loader.js:1158:10)
    at Module.load (internal/modules/cjs/loader.js:986:32)
    at Function.Module._load (internal/modules/cjs/loader.js:879:14)
    at /usr/local/lib/node_modules/pm2/lib/ProcessContainer.js:303:25
    at wrapper (/usr/local/lib/node_modules/pm2/node_modules/async/internal/once.js:12:16)
Error: Cannot find module 'koa'
Require stack:
- /Users/liuxing/Documents/Study/WeChat/koa-ws/src/index.js
    at Function.Module._resolveFilename (internal/modules/cjs/loader.js:966:15)
    at Module.Hook._require.Module.require (/usr/local/lib/node_modules/pm2/node_modules/require-in-the-middle/index.js:61:29)
    at require (internal/modules/cjs/helpers.js:72:18)
    at Object.<anonymous> (/Users/liuxing/Documents/Study/WeChat/koa-ws/src/index.js:1:13)
    at Module._compile (internal/modules/cjs/loader.js:1138:30)
    at Object.Module._extensions..js (internal/modules/cjs/loader.js:1158:10)
    at Module.load (internal/modules/cjs/loader.js:986:32)
    at Function.Module._load (internal/modules/cjs/loader.js:879:14)
    at /usr/local/lib/node_modules/pm2/lib/ProcessContainer.js:303:25
    at wrapper (/usr/local/lib/node_modules/pm2/node_modules/async/internal/once.js:12:16)
Error: Cannot find module 'koa'
Require stack:
- /Users/liuxing/Documents/Study/WeChat/koa-ws/src/index.js
    at Function.Module._resolveFilename (internal/modules/cjs/loader.js:966:15)
    at Module.Hook._require.Module.require (/usr/local/lib/node_modules/pm2/node_modules/require-in-the-middle/index.js:61:29)
    at require (internal/modules/cjs/helpers.js:72:18)
    at Object.<anonymous> (/Users/liuxing/Documents/Study/WeChat/koa-ws/src/index.js:1:13)
    at Module._compile (internal/modules/cjs/loader.js:1138:30)
    at Object.Module._extensions..js (internal/modules/cjs/loader.js:1158:10)
    at Module.load (internal/modules/cjs/loader.js:986:32)
    at Function.Module._load (internal/modules/cjs/loader.js:879:14)
    at /usr/local/lib/node_modules/pm2/lib/ProcessContainer.js:303:25
    at wrapper (/usr/local/lib/node_modules/pm2/node_modules/async/internal/once.js:12:16)
Error: Cannot find module 'koa'
Require stack:
- /Users/liuxing/Documents/Study/WeChat/koa-ws/src/index.js
    at Function.Module._resolveFilename (internal/modules/cjs/loader.js:966:15)
    at Module.Hook._require.Module.require (/usr/local/lib/node_modules/pm2/node_modules/require-in-the-middle/index.js:61:29)
    at require (internal/modules/cjs/helpers.js:72:18)
    at Object.<anonymous> (/Users/liuxing/Documents/Study/WeChat/koa-ws/src/index.js:1:13)
    at Module._compile (internal/modules/cjs/loader.js:1138:30)
    at Object.Module._extensions..js (internal/modules/cjs/loader.js:1158:10)
    at Module.load (internal/modules/cjs/loader.js:986:32)
    at Function.Module._load (internal/modules/cjs/loader.js:879:14)
    at /usr/local/lib/node_modules/pm2/lib/ProcessContainer.js:303:25
    at wrapper (/usr/local/lib/node_modules/pm2/node_modules/async/internal/once.js:12:16)
Error: Cannot find module 'koa'
Require stack:
- /Users/liuxing/Documents/Study/WeChat/koa-ws/src/index.js
    at Function.Module._resolveFilename (internal/modules/cjs/loader.js:966:15)
    at Module.Hook._require.Module.require (/usr/local/lib/node_modules/pm2/node_modules/require-in-the-middle/index.js:61:29)
    at require (internal/modules/cjs/helpers.js:72:18)
    at Object.<anonymous> (/Users/liuxing/Documents/Study/WeChat/koa-ws/src/index.js:1:13)
    at Module._compile (internal/modules/cjs/loader.js:1138:30)
    at Object.Module._extensions..js (internal/modules/cjs/loader.js:1158:10)
    at Module.load (internal/modules/cjs/loader.js:986:32)
    at Function.Module._load (internal/modules/cjs/loader.js:879:14)
    at /usr/local/lib/node_modules/pm2/lib/ProcessContainer.js:303:25
    at wrapper (/usr/local/lib/node_modules/pm2/node_modules/async/internal/once.js:12:16)
Error: Cannot find module 'koa'
Require stack:
- /Users/liuxing/Documents/Study/WeChat/koa-ws/src/index.js
    at Function.Module._resolveFilename (internal/modules/cjs/loader.js:966:15)
    at Module.Hook._require.Module.require (/usr/local/lib/node_modules/pm2/node_modules/require-in-the-middle/index.js:61:29)
    at require (internal/modules/cjs/helpers.js:72:18)
    at Object.<anonymous> (/Users/liuxing/Documents/Study/WeChat/koa-ws/src/index.js:1:13)
    at Module._compile (internal/modules/cjs/loader.js:1138:30)
    at Object.Module._extensions..js (internal/modules/cjs/loader.js:1158:10)
    at Module.load (internal/modules/cjs/loader.js:986:32)
    at Function.Module._load (internal/modules/cjs/loader.js:879:14)
    at /usr/local/lib/node_modules/pm2/lib/ProcessContainer.js:303:25
    at wrapper (/usr/local/lib/node_modules/pm2/node_modules/async/internal/once.js:12:16)
Error: Cannot find module 'koa'
Require stack:
- /Users/liuxing/Documents/Study/WeChat/koa-ws/src/index.js
    at Function.Module._resolveFilename (internal/modules/cjs/loader.js:966:15)
    at Module.Hook._require.Module.require (/usr/local/lib/node_modules/pm2/node_modules/require-in-the-middle/index.js:61:29)
    at require (internal/modules/cjs/helpers.js:72:18)
    at Object.<anonymous> (/Users/liuxing/Documents/Study/WeChat/koa-ws/src/index.js:1:13)
    at Module._compile (internal/modules/cjs/loader.js:1138:30)
    at Object.Module._extensions..js (internal/modules/cjs/loader.js:1158:10)
    at Module.load (internal/modules/cjs/loader.js:986:32)
    at Function.Module._load (internal/modules/cjs/loader.js:879:14)
    at /usr/local/lib/node_modules/pm2/lib/ProcessContainer.js:303:25
    at wrapper (/usr/local/lib/node_modules/pm2/node_modules/async/internal/once.js:12:16)
Error: Cannot find module 'koa'
Require stack:
- /Users/liuxing/Documents/Study/WeChat/koa-ws/src/index.js
    at Function.Module._resolveFilename (internal/modules/cjs/loader.js:966:15)
    at Module.Hook._require.Module.require (/usr/local/lib/node_modules/pm2/node_modules/require-in-the-middle/index.js:61:29)
    at require (internal/modules/cjs/helpers.js:72:18)
    at Object.<anonymous> (/Users/liuxing/Documents/Study/WeChat/koa-ws/src/index.js:1:13)
    at Module._compile (internal/modules/cjs/loader.js:1138:30)
    at Object.Module._extensions..js (internal/modules/cjs/loader.js:1158:10)
    at Module.load (internal/modules/cjs/loader.js:986:32)
    at Function.Module._load (internal/modules/cjs/loader.js:879:14)
    at /usr/local/lib/node_modules/pm2/lib/ProcessContainer.js:303:25
    at wrapper (/usr/local/lib/node_modules/pm2/node_modules/async/internal/once.js:12:16)
Error: Cannot find module 'koa'
Require stack:
- /Users/liuxing/Documents/Study/WeChat/koa-ws/src/index.js
    at Function.Module._resolveFilename (internal/modules/cjs/loader.js:966:15)
    at Module.Hook._require.Module.require (/usr/local/lib/node_modules/pm2/node_modules/require-in-the-middle/index.js:61:29)
    at require (internal/modules/cjs/helpers.js:72:18)
    at Object.<anonymous> (/Users/liuxing/Documents/Study/WeChat/koa-ws/src/index.js:1:13)
    at Module._compile (internal/modules/cjs/loader.js:1138:30)
    at Object.Module._extensions..js (internal/modules/cjs/loader.js:1158:10)
    at Module.load (internal/modules/cjs/loader.js:986:32)
    at Function.Module._load (internal/modules/cjs/loader.js:879:14)
    at /usr/local/lib/node_modules/pm2/lib/ProcessContainer.js:303:25
    at wrapper (/usr/local/lib/node_modules/pm2/node_modules/async/internal/once.js:12:16)
Error: Cannot find module 'koa'
Require stack:
- /Users/liuxing/Documents/Study/WeChat/koa-ws/src/index.js
    at Function.Module._resolveFilename (internal/modules/cjs/loader.js:966:15)
    at Module.Hook._require.Module.require (/usr/local/lib/node_modules/pm2/node_modules/require-in-the-middle/index.js:61:29)
    at require (internal/modules/cjs/helpers.js:72:18)
    at Object.<anonymous> (/Users/liuxing/Documents/Study/WeChat/koa-ws/src/index.js:1:13)
    at Module._compile (internal/modules/cjs/loader.js:1138:30)
    at Object.Module._extensions..js (internal/modules/cjs/loader.js:1158:10)
    at Module.load (internal/modules/cjs/loader.js:986:32)
    at Function.Module._load (internal/modules/cjs/loader.js:879:14)
    at /usr/local/lib/node_modules/pm2/lib/ProcessContainer.js:303:25
    at wrapper (/usr/local/lib/node_modules/pm2/node_modules/async/internal/once.js:12:16)
Error: Cannot find module 'koa'
Require stack:
- /Users/liuxing/Documents/Study/WeChat/koa-ws/src/index.js
    at Function.Module._resolveFilename (internal/modules/cjs/loader.js:966:15)
    at Module.Hook._require.Module.require (/usr/local/lib/node_modules/pm2/node_modules/require-in-the-middle/index.js:61:29)
    at require (internal/modules/cjs/helpers.js:72:18)
    at Object.<anonymous> (/Users/liuxing/Documents/Study/WeChat/koa-ws/src/index.js:1:13)
    at Module._compile (internal/modules/cjs/loader.js:1138:30)
    at Object.Module._extensions..js (internal/modules/cjs/loader.js:1158:10)
    at Module.load (internal/modules/cjs/loader.js:986:32)
    at Function.Module._load (internal/modules/cjs/loader.js:879:14)
    at /usr/local/lib/node_modules/pm2/lib/ProcessContainer.js:303:25
    at wrapper (/usr/local/lib/node_modules/pm2/node_modules/async/internal/once.js:12:16)
Error: Cannot find module 'koa'
Require stack:
- /Users/liuxing/Documents/Study/WeChat/koa-ws/src/index.js
    at Function.Module._resolveFilename (internal/modules/cjs/loader.js:966:15)
    at Module.Hook._require.Module.require (/usr/local/lib/node_modules/pm2/node_modules/require-in-the-middle/index.js:61:29)
    at require (internal/modules/cjs/helpers.js:72:18)
    at Object.<anonymous> (/Users/liuxing/Documents/Study/WeChat/koa-ws/src/index.js:1:13)
    at Module._compile (internal/modules/cjs/loader.js:1138:30)
    at Object.Module._extensions..js (internal/modules/cjs/loader.js:1158:10)
    at Module.load (internal/modules/cjs/loader.js:986:32)
    at Function.Module._load (internal/modules/cjs/loader.js:879:14)
    at /usr/local/lib/node_modules/pm2/lib/ProcessContainer.js:303:25
    at wrapper (/usr/local/lib/node_modules/pm2/node_modules/async/internal/once.js:12:16)
Error: Cannot find module 'koa'
Require stack:
- /Users/liuxing/Documents/Study/WeChat/koa-ws/src/index.js
    at Function.Module._resolveFilename (internal/modules/cjs/loader.js:966:15)
    at Module.Hook._require.Module.require (/usr/local/lib/node_modules/pm2/node_modules/require-in-the-middle/index.js:61:29)
    at require (internal/modules/cjs/helpers.js:72:18)
    at Object.<anonymous> (/Users/liuxing/Documents/Study/WeChat/koa-ws/src/index.js:1:13)
    at Module._compile (internal/modules/cjs/loader.js:1138:30)
    at Object.Module._extensions..js (internal/modules/cjs/loader.js:1158:10)
    at Module.load (internal/modules/cjs/loader.js:986:32)
    at Function.Module._load (internal/modules/cjs/loader.js:879:14)
    at /usr/local/lib/node_modules/pm2/lib/ProcessContainer.js:303:25
    at wrapper (/usr/local/lib/node_modules/pm2/node_modules/async/internal/once.js:12:16)
Error: Cannot find module 'koa'
Require stack:
- /Users/liuxing/Documents/Study/WeChat/koa-ws/src/index.js
    at Function.Module._resolveFilename (internal/modules/cjs/loader.js:966:15)
    at Module.Hook._require.Module.require (/usr/local/lib/node_modules/pm2/node_modules/require-in-the-middle/index.js:61:29)
    at require (internal/modules/cjs/helpers.js:72:18)
    at Object.<anonymous> (/Users/liuxing/Documents/Study/WeChat/koa-ws/src/index.js:1:13)
    at Module._compile (internal/modules/cjs/loader.js:1138:30)
    at Object.Module._extensions..js (internal/modules/cjs/loader.js:1158:10)
    at Module.load (internal/modules/cjs/loader.js:986:32)
    at Function.Module._load (internal/modules/cjs/loader.js:879:14)
    at /usr/local/lib/node_modules/pm2/lib/ProcessContainer.js:303:25
    at wrapper (/usr/local/lib/node_modules/pm2/node_modules/async/internal/once.js:12:16)
Error: Cannot find module 'koa'
Require stack:
- /Users/liuxing/Documents/Study/WeChat/koa-ws/src/index.js
    at Function.Module._resolveFilename (internal/modules/cjs/loader.js:966:15)
    at Module.Hook._require.Module.require (/usr/local/lib/node_modules/pm2/node_modules/require-in-the-middle/index.js:61:29)
    at require (internal/modules/cjs/helpers.js:72:18)
    at Object.<anonymous> (/Users/liuxing/Documents/Study/WeChat/koa-ws/src/index.js:1:13)
    at Module._compile (internal/modules/cjs/loader.js:1138:30)
    at Object.Module._extensions..js (internal/modules/cjs/loader.js:1158:10)
    at Module.load (internal/modules/cjs/loader.js:986:32)
    at Function.Module._load (internal/modules/cjs/loader.js:879:14)
    at /usr/local/lib/node_modules/pm2/lib/ProcessContainer.js:303:25
    at wrapper (/usr/local/lib/node_modules/pm2/node_modules/async/internal/once.js:12:16)
Error: Cannot find module 'koa'
Require stack:
- /Users/liuxing/Documents/Study/WeChat/koa-ws/src/index.js
    at Function.Module._resolveFilename (internal/modules/cjs/loader.js:966:15)
    at Module.Hook._require.Module.require (/usr/local/lib/node_modules/pm2/node_modules/require-in-the-middle/index.js:61:29)
    at require (internal/modules/cjs/helpers.js:72:18)
    at Object.<anonymous> (/Users/liuxing/Documents/Study/WeChat/koa-ws/src/index.js:1:13)
    at Module._compile (internal/modules/cjs/loader.js:1138:30)
    at Object.Module._extensions..js (internal/modules/cjs/loader.js:1158:10)
    at Module.load (internal/modules/cjs/loader.js:986:32)
    at Function.Module._load (internal/modules/cjs/loader.js:879:14)
    at /usr/local/lib/node_modules/pm2/lib/ProcessContainer.js:303:25
    at wrapper (/usr/local/lib/node_modules/pm2/node_modules/async/internal/once.js:12:16)
Error: Cannot find module 'koa'
Require stack:
- /Users/liuxing/Documents/Study/WeChat/koa-ws/src/index.js
    at Function.Module._resolveFilename (internal/modules/cjs/loader.js:966:15)
    at Module.Hook._require.Module.require (/usr/local/lib/node_modules/pm2/node_modules/require-in-the-middle/index.js:61:29)
    at require (internal/modules/cjs/helpers.js:72:18)
    at Object.<anonymous> (/Users/liuxing/Documents/Study/WeChat/koa-ws/src/index.js:1:13)
    at Module._compile (internal/modules/cjs/loader.js:1138:30)
    at Object.Module._extensions..js (internal/modules/cjs/loader.js:1158:10)
    at Module.load (internal/modules/cjs/loader.js:986:32)
    at Function.Module._load (internal/modules/cjs/loader.js:879:14)
    at /usr/local/lib/node_modules/pm2/lib/ProcessContainer.js:303:25
    at wrapper (/usr/local/lib/node_modules/pm2/node_modules/async/internal/once.js:12:16)
Error: Cannot find module 'koa'
Require stack:
- /Users/liuxing/Documents/Study/WeChat/koa-ws/src/index.js
    at Function.Module._resolveFilename (internal/modules/cjs/loader.js:966:15)
    at Module.Hook._require.Module.require (/usr/local/lib/node_modules/pm2/node_modules/require-in-the-middle/index.js:61:29)
    at require (internal/modules/cjs/helpers.js:72:18)
    at Object.<anonymous> (/Users/liuxing/Documents/Study/WeChat/koa-ws/src/index.js:1:13)
    at Module._compile (internal/modules/cjs/loader.js:1138:30)
    at Object.Module._extensions..js (internal/modules/cjs/loader.js:1158:10)
    at Module.load (internal/modules/cjs/loader.js:986:32)
    at Function.Module._load (internal/modules/cjs/loader.js:879:14)
    at /usr/local/lib/node_modules/pm2/lib/ProcessContainer.js:303:25
    at wrapper (/usr/local/lib/node_modules/pm2/node_modules/async/internal/once.js:12:16)
Error: Cannot find module 'koa'
Require stack:
- /Users/liuxing/Documents/Study/WeChat/koa-ws/src/index.js
    at Function.Module._resolveFilename (internal/modules/cjs/loader.js:966:15)
    at Module.Hook._require.Module.require (/usr/local/lib/node_modules/pm2/node_modules/require-in-the-middle/index.js:61:29)
    at require (internal/modules/cjs/helpers.js:72:18)
    at Object.<anonymous> (/Users/liuxing/Documents/Study/WeChat/koa-ws/src/index.js:1:13)
    at Module._compile (internal/modules/cjs/loader.js:1138:30)
    at Object.Module._extensions..js (internal/modules/cjs/loader.js:1158:10)
    at Module.load (internal/modules/cjs/loader.js:986:32)
    at Function.Module._load (internal/modules/cjs/loader.js:879:14)
    at /usr/local/lib/node_modules/pm2/lib/ProcessContainer.js:303:25
    at wrapper (/usr/local/lib/node_modules/pm2/node_modules/async/internal/once.js:12:16)
Error: Cannot find module 'koa'
Require stack:
- /Users/liuxing/Documents/Study/WeChat/koa-ws/src/index.js
    at Function.Module._resolveFilename (internal/modules/cjs/loader.js:966:15)
    at Module.Hook._require.Module.require (/usr/local/lib/node_modules/pm2/node_modules/require-in-the-middle/index.js:61:29)
    at require (internal/modules/cjs/helpers.js:72:18)
    at Object.<anonymous> (/Users/liuxing/Documents/Study/WeChat/koa-ws/src/index.js:1:13)
    at Module._compile (internal/modules/cjs/loader.js:1138:30)
    at Object.Module._extensions..js (internal/modules/cjs/loader.js:1158:10)
    at Module.load (internal/modules/cjs/loader.js:986:32)
    at Function.Module._load (internal/modules/cjs/loader.js:879:14)
    at /usr/local/lib/node_modules/pm2/lib/ProcessContainer.js:303:25
    at wrapper (/usr/local/lib/node_modules/pm2/node_modules/async/internal/once.js:12:16)
Error: Cannot find module 'koa'
Require stack:
- /Users/liuxing/Documents/Study/WeChat/koa-ws/src/index.js
    at Function.Module._resolveFilename (internal/modules/cjs/loader.js:966:15)
    at Module.Hook._require.Module.require (/usr/local/lib/node_modules/pm2/node_modules/require-in-the-middle/index.js:61:29)
    at require (internal/modules/cjs/helpers.js:72:18)
    at Object.<anonymous> (/Users/liuxing/Documents/Study/WeChat/koa-ws/src/index.js:1:13)
    at Module._compile (internal/modules/cjs/loader.js:1138:30)
    at Object.Module._extensions..js (internal/modules/cjs/loader.js:1158:10)
    at Module.load (internal/modules/cjs/loader.js:986:32)
    at Function.Module._load (internal/modules/cjs/loader.js:879:14)
    at /usr/local/lib/node_modules/pm2/lib/ProcessContainer.js:303:25
    at wrapper (/usr/local/lib/node_modules/pm2/node_modules/async/internal/once.js:12:16)
Error: Cannot find module 'koa'
Require stack:
- /Users/liuxing/Documents/Study/WeChat/koa-ws/src/index.js
    at Function.Module._resolveFilename (internal/modules/cjs/loader.js:966:15)
    at Module.Hook._require.Module.require (/usr/local/lib/node_modules/pm2/node_modules/require-in-the-middle/index.js:61:29)
    at require (internal/modules/cjs/helpers.js:72:18)
    at Object.<anonymous> (/Users/liuxing/Documents/Study/WeChat/koa-ws/src/index.js:1:13)
    at Module._compile (internal/modules/cjs/loader.js:1138:30)
    at Object.Module._extensions..js (internal/modules/cjs/loader.js:1158:10)
    at Module.load (internal/modules/cjs/loader.js:986:32)
    at Function.Module._load (internal/modules/cjs/loader.js:879:14)
    at /usr/local/lib/node_modules/pm2/lib/ProcessContainer.js:303:25
    at wrapper (/usr/local/lib/node_modules/pm2/node_modules/async/internal/once.js:12:16)
Error: Cannot find module 'koa'
Require stack:
- /Users/liuxing/Documents/Study/WeChat/koa-ws/src/index.js
    at Function.Module._resolveFilename (internal/modules/cjs/loader.js:966:15)
    at Module.Hook._require.Module.require (/usr/local/lib/node_modules/pm2/node_modules/require-in-the-middle/index.js:61:29)
    at require (internal/modules/cjs/helpers.js:72:18)
    at Object.<anonymous> (/Users/liuxing/Documents/Study/WeChat/koa-ws/src/index.js:1:13)
    at Module._compile (internal/modules/cjs/loader.js:1138:30)
    at Object.Module._extensions..js (internal/modules/cjs/loader.js:1158:10)
    at Module.load (internal/modules/cjs/loader.js:986:32)
    at Function.Module._load (internal/modules/cjs/loader.js:879:14)
    at /usr/local/lib/node_modules/pm2/lib/ProcessContainer.js:303:25
    at wrapper (/usr/local/lib/node_modules/pm2/node_modules/async/internal/once.js:12:16)
Error: Cannot find module 'koa'
Require stack:
- /Users/liuxing/Documents/Study/WeChat/koa-ws/src/index.js
    at Function.Module._resolveFilename (internal/modules/cjs/loader.js:966:15)
    at Module.Hook._require.Module.require (/usr/local/lib/node_modules/pm2/node_modules/require-in-the-middle/index.js:61:29)
    at require (internal/modules/cjs/helpers.js:72:18)
    at Object.<anonymous> (/Users/liuxing/Documents/Study/WeChat/koa-ws/src/index.js:1:13)
    at Module._compile (internal/modules/cjs/loader.js:1138:30)
    at Object.Module._extensions..js (internal/modules/cjs/loader.js:1158:10)
    at Module.load (internal/modules/cjs/loader.js:986:32)
    at Function.Module._load (internal/modules/cjs/loader.js:879:14)
    at /usr/local/lib/node_modules/pm2/lib/ProcessContainer.js:303:25
    at wrapper (/usr/local/lib/node_modules/pm2/node_modules/async/internal/once.js:12:16)
Error: Cannot find module 'koa'
Require stack:
- /Users/liuxing/Documents/Study/WeChat/koa-ws/src/index.js
    at Function.Module._resolveFilename (internal/modules/cjs/loader.js:966:15)
    at Module.Hook._require.Module.require (/usr/local/lib/node_modules/pm2/node_modules/require-in-the-middle/index.js:61:29)
    at require (internal/modules/cjs/helpers.js:72:18)
    at Object.<anonymous> (/Users/liuxing/Documents/Study/WeChat/koa-ws/src/index.js:1:13)
    at Module._compile (internal/modules/cjs/loader.js:1138:30)
    at Object.Module._extensions..js (internal/modules/cjs/loader.js:1158:10)
    at Module.load (internal/modules/cjs/loader.js:986:32)
    at Function.Module._load (internal/modules/cjs/loader.js:879:14)
    at /usr/local/lib/node_modules/pm2/lib/ProcessContainer.js:303:25
    at wrapper (/usr/local/lib/node_modules/pm2/node_modules/async/internal/once.js:12:16)
Error: Cannot find module 'koa'
Require stack:
- /Users/liuxing/Documents/Study/WeChat/koa-ws/src/index.js
    at Function.Module._resolveFilename (internal/modules/cjs/loader.js:966:15)
    at Module.Hook._require.Module.require (/usr/local/lib/node_modules/pm2/node_modules/require-in-the-middle/index.js:61:29)
    at require (internal/modules/cjs/helpers.js:72:18)
    at Object.<anonymous> (/Users/liuxing/Documents/Study/WeChat/koa-ws/src/index.js:1:13)
    at Module._compile (internal/modules/cjs/loader.js:1138:30)
    at Object.Module._extensions..js (internal/modules/cjs/loader.js:1158:10)
    at Module.load (internal/modules/cjs/loader.js:986:32)
    at Function.Module._load (internal/modules/cjs/loader.js:879:14)
    at /usr/local/lib/node_modules/pm2/lib/ProcessContainer.js:303:25
    at wrapper (/usr/local/lib/node_modules/pm2/node_modules/async/internal/once.js:12:16)
Error: Cannot find module 'koa'
Require stack:
- /Users/liuxing/Documents/Study/WeChat/koa-ws/src/index.js
    at Function.Module._resolveFilename (internal/modules/cjs/loader.js:966:15)
    at Module.Hook._require.Module.require (/usr/local/lib/node_modules/pm2/node_modules/require-in-the-middle/index.js:61:29)
    at require (internal/modules/cjs/helpers.js:72:18)
    at Object.<anonymous> (/Users/liuxing/Documents/Study/WeChat/koa-ws/src/index.js:1:13)
    at Module._compile (internal/modules/cjs/loader.js:1138:30)
    at Object.Module._extensions..js (internal/modules/cjs/loader.js:1158:10)
    at Module.load (internal/modules/cjs/loader.js:986:32)
    at Function.Module._load (internal/modules/cjs/loader.js:879:14)
    at /usr/local/lib/node_modules/pm2/lib/ProcessContainer.js:303:25
    at wrapper (/usr/local/lib/node_modules/pm2/node_modules/async/internal/once.js:12:16)
Error: Cannot find module 'koa'
Require stack:
- /Users/liuxing/Documents/Study/WeChat/koa-ws/src/index.js
    at Function.Module._resolveFilename (internal/modules/cjs/loader.js:966:15)
    at Module.Hook._require.Module.require (/usr/local/lib/node_modules/pm2/node_modules/require-in-the-middle/index.js:61:29)
    at require (internal/modules/cjs/helpers.js:72:18)
    at Object.<anonymous> (/Users/liuxing/Documents/Study/WeChat/koa-ws/src/index.js:1:13)
    at Module._compile (internal/modules/cjs/loader.js:1138:30)
    at Object.Module._extensions..js (internal/modules/cjs/loader.js:1158:10)
    at Module.load (internal/modules/cjs/loader.js:986:32)
    at Function.Module._load (internal/modules/cjs/loader.js:879:14)
    at /usr/local/lib/node_modules/pm2/lib/ProcessContainer.js:303:25
    at wrapper (/usr/local/lib/node_modules/pm2/node_modules/async/internal/once.js:12:16)
Error: Cannot find module 'koa'
Require stack:
- /Users/liuxing/Documents/Study/WeChat/koa-ws/src/index.js
    at Function.Module._resolveFilename (internal/modules/cjs/loader.js:966:15)
    at Module.Hook._require.Module.require (/usr/local/lib/node_modules/pm2/node_modules/require-in-the-middle/index.js:61:29)
    at require (internal/modules/cjs/helpers.js:72:18)
    at Object.<anonymous> (/Users/liuxing/Documents/Study/WeChat/koa-ws/src/index.js:1:13)
    at Module._compile (internal/modules/cjs/loader.js:1138:30)
    at Object.Module._extensions..js (internal/modules/cjs/loader.js:1158:10)
    at Module.load (internal/modules/cjs/loader.js:986:32)
    at Function.Module._load (internal/modules/cjs/loader.js:879:14)
    at /usr/local/lib/node_modules/pm2/lib/ProcessContainer.js:303:25
    at wrapper (/usr/local/lib/node_modules/pm2/node_modules/async/internal/once.js:12:16)
Error: Cannot find module 'koa'
Require stack:
- /Users/liuxing/Documents/Study/WeChat/koa-ws/src/index.js
    at Function.Module._resolveFilename (internal/modules/cjs/loader.js:966:15)
    at Module.Hook._require.Module.require (/usr/local/lib/node_modules/pm2/node_modules/require-in-the-middle/index.js:61:29)
    at require (internal/modules/cjs/helpers.js:72:18)
    at Object.<anonymous> (/Users/liuxing/Documents/Study/WeChat/koa-ws/src/index.js:1:13)
    at Module._compile (internal/modules/cjs/loader.js:1138:30)
    at Object.Module._extensions..js (internal/modules/cjs/loader.js:1158:10)
    at Module.load (internal/modules/cjs/loader.js:986:32)
    at Function.Module._load (internal/modules/cjs/loader.js:879:14)
    at /usr/local/lib/node_modules/pm2/lib/ProcessContainer.js:303:25
    at wrapper (/usr/local/lib/node_modules/pm2/node_modules/async/internal/once.js:12:16)
Error: Cannot find module 'koa'
Require stack:
- /Users/liuxing/Documents/Study/WeChat/koa-ws/src/index.js
    at Function.Module._resolveFilename (internal/modules/cjs/loader.js:966:15)
    at Module.Hook._require.Module.require (/usr/local/lib/node_modules/pm2/node_modules/require-in-the-middle/index.js:61:29)
    at require (internal/modules/cjs/helpers.js:72:18)
    at Object.<anonymous> (/Users/liuxing/Documents/Study/WeChat/koa-ws/src/index.js:1:13)
    at Module._compile (internal/modules/cjs/loader.js:1138:30)
    at Object.Module._extensions..js (internal/modules/cjs/loader.js:1158:10)
    at Module.load (internal/modules/cjs/loader.js:986:32)
    at Function.Module._load (internal/modules/cjs/loader.js:879:14)
    at /usr/local/lib/node_modules/pm2/lib/ProcessContainer.js:303:25
    at wrapper (/usr/local/lib/node_modules/pm2/node_modules/async/internal/once.js:12:16)
Error: Cannot find module 'koa'
Require stack:
- /Users/liuxing/Documents/Study/WeChat/koa-ws/src/index.js
    at Function.Module._resolveFilename (internal/modules/cjs/loader.js:966:15)
    at Module.Hook._require.Module.require (/usr/local/lib/node_modules/pm2/node_modules/require-in-the-middle/index.js:61:29)
    at require (internal/modules/cjs/helpers.js:72:18)
    at Object.<anonymous> (/Users/liuxing/Documents/Study/WeChat/koa-ws/src/index.js:1:13)
    at Module._compile (internal/modules/cjs/loader.js:1138:30)
    at Object.Module._extensions..js (internal/modules/cjs/loader.js:1158:10)
    at Module.load (internal/modules/cjs/loader.js:986:32)
    at Function.Module._load (internal/modules/cjs/loader.js:879:14)
    at /usr/local/lib/node_modules/pm2/lib/ProcessContainer.js:303:25
    at wrapper (/usr/local/lib/node_modules/pm2/node_modules/async/internal/once.js:12:16)
Error: Cannot find module 'koa'
Require stack:
- /Users/liuxing/Documents/Study/WeChat/koa-ws/src/index.js
    at Function.Module._resolveFilename (internal/modules/cjs/loader.js:966:15)
    at Module.Hook._require.Module.require (/usr/local/lib/node_modules/pm2/node_modules/require-in-the-middle/index.js:61:29)
    at require (internal/modules/cjs/helpers.js:72:18)
    at Object.<anonymous> (/Users/liuxing/Documents/Study/WeChat/koa-ws/src/index.js:1:13)
    at Module._compile (internal/modules/cjs/loader.js:1138:30)
    at Object.Module._extensions..js (internal/modules/cjs/loader.js:1158:10)
    at Module.load (internal/modules/cjs/loader.js:986:32)
    at Function.Module._load (internal/modules/cjs/loader.js:879:14)
    at /usr/local/lib/node_modules/pm2/lib/ProcessContainer.js:303:25
    at wrapper (/usr/local/lib/node_modules/pm2/node_modules/async/internal/once.js:12:16)
Error: Cannot find module 'koa'
Require stack:
- /Users/liuxing/Documents/Study/WeChat/koa-ws/src/index.js
    at Function.Module._resolveFilename (internal/modules/cjs/loader.js:966:15)
    at Module.Hook._require.Module.require (/usr/local/lib/node_modules/pm2/node_modules/require-in-the-middle/index.js:61:29)
    at require (internal/modules/cjs/helpers.js:72:18)
    at Object.<anonymous> (/Users/liuxing/Documents/Study/WeChat/koa-ws/src/index.js:1:13)
    at Module._compile (internal/modules/cjs/loader.js:1138:30)
    at Object.Module._extensions..js (internal/modules/cjs/loader.js:1158:10)
    at Module.load (internal/modules/cjs/loader.js:986:32)
    at Function.Module._load (internal/modules/cjs/loader.js:879:14)
    at /usr/local/lib/node_modules/pm2/lib/ProcessContainer.js:303:25
    at wrapper (/usr/local/lib/node_modules/pm2/node_modules/async/internal/once.js:12:16)
Error: Cannot find module 'koa'
Require stack:
- /Users/liuxing/Documents/Study/WeChat/koa-ws/src/index.js
    at Function.Module._resolveFilename (internal/modules/cjs/loader.js:966:15)
    at Module.Hook._require.Module.require (/usr/local/lib/node_modules/pm2/node_modules/require-in-the-middle/index.js:61:29)
    at require (internal/modules/cjs/helpers.js:72:18)
    at Object.<anonymous> (/Users/liuxing/Documents/Study/WeChat/koa-ws/src/index.js:1:13)
    at Module._compile (internal/modules/cjs/loader.js:1138:30)
    at Object.Module._extensions..js (internal/modules/cjs/loader.js:1158:10)
    at Module.load (internal/modules/cjs/loader.js:986:32)
    at Function.Module._load (internal/modules/cjs/loader.js:879:14)
    at /usr/local/lib/node_modules/pm2/lib/ProcessContainer.js:303:25
    at wrapper (/usr/local/lib/node_modules/pm2/node_modules/async/internal/once.js:12:16)
Error: Cannot find module 'koa'
Require stack:
- /Users/liuxing/Documents/Study/WeChat/koa-ws/src/index.js
    at Function.Module._resolveFilename (internal/modules/cjs/loader.js:966:15)
    at Module.Hook._require.Module.require (/usr/local/lib/node_modules/pm2/node_modules/require-in-the-middle/index.js:61:29)
    at require (internal/modules/cjs/helpers.js:72:18)
    at Object.<anonymous> (/Users/liuxing/Documents/Study/WeChat/koa-ws/src/index.js:1:13)
    at Module._compile (internal/modules/cjs/loader.js:1138:30)
    at Object.Module._extensions..js (internal/modules/cjs/loader.js:1158:10)
    at Module.load (internal/modules/cjs/loader.js:986:32)
    at Function.Module._load (internal/modules/cjs/loader.js:879:14)
    at /usr/local/lib/node_modules/pm2/lib/ProcessContainer.js:303:25
    at wrapper (/usr/local/lib/node_modules/pm2/node_modules/async/internal/once.js:12:16)
Error: Cannot find module 'koa'
Require stack:
- /Users/liuxing/Documents/Study/WeChat/koa-ws/src/index.js
    at Function.Module._resolveFilename (internal/modules/cjs/loader.js:966:15)
    at Module.Hook._require.Module.require (/usr/local/lib/node_modules/pm2/node_modules/require-in-the-middle/index.js:61:29)
    at require (internal/modules/cjs/helpers.js:72:18)
    at Object.<anonymous> (/Users/liuxing/Documents/Study/WeChat/koa-ws/src/index.js:1:13)
    at Module._compile (internal/modules/cjs/loader.js:1138:30)
    at Object.Module._extensions..js (internal/modules/cjs/loader.js:1158:10)
    at Module.load (internal/modules/cjs/loader.js:986:32)
    at Function.Module._load (internal/modules/cjs/loader.js:879:14)
    at /usr/local/lib/node_modules/pm2/lib/ProcessContainer.js:303:25
    at wrapper (/usr/local/lib/node_modules/pm2/node_modules/async/internal/once.js:12:16)
Error: Cannot find module 'koa'
Require stack:
- /Users/liuxing/Documents/Study/WeChat/koa-ws/src/index.js
    at Function.Module._resolveFilename (internal/modules/cjs/loader.js:966:15)
    at Module.Hook._require.Module.require (/usr/local/lib/node_modules/pm2/node_modules/require-in-the-middle/index.js:61:29)
    at require (internal/modules/cjs/helpers.js:72:18)
    at Object.<anonymous> (/Users/liuxing/Documents/Study/WeChat/koa-ws/src/index.js:1:13)
    at Module._compile (internal/modules/cjs/loader.js:1138:30)
    at Object.Module._extensions..js (internal/modules/cjs/loader.js:1158:10)
    at Module.load (internal/modules/cjs/loader.js:986:32)
    at Function.Module._load (internal/modules/cjs/loader.js:879:14)
    at /usr/local/lib/node_modules/pm2/lib/ProcessContainer.js:303:25
    at wrapper (/usr/local/lib/node_modules/pm2/node_modules/async/internal/once.js:12:16)
Error: Cannot find module 'koa'
Require stack:
- /Users/liuxing/Documents/Study/WeChat/koa-ws/src/index.js
    at Function.Module._resolveFilename (internal/modules/cjs/loader.js:966:15)
    at Module.Hook._require.Module.require (/usr/local/lib/node_modules/pm2/node_modules/require-in-the-middle/index.js:61:29)
    at require (internal/modules/cjs/helpers.js:72:18)
    at Object.<anonymous> (/Users/liuxing/Documents/Study/WeChat/koa-ws/src/index.js:1:13)
    at Module._compile (internal/modules/cjs/loader.js:1138:30)
    at Object.Module._extensions..js (internal/modules/cjs/loader.js:1158:10)
    at Module.load (internal/modules/cjs/loader.js:986:32)
    at Function.Module._load (internal/modules/cjs/loader.js:879:14)
    at /usr/local/lib/node_modules/pm2/lib/ProcessContainer.js:303:25
    at wrapper (/usr/local/lib/node_modules/pm2/node_modules/async/internal/once.js:12:16)
Error: Cannot find module 'koa'
Require stack:
- /Users/liuxing/Documents/Study/WeChat/koa-ws/src/index.js
    at Function.Module._resolveFilename (internal/modules/cjs/loader.js:966:15)
    at Module.Hook._require.Module.require (/usr/local/lib/node_modules/pm2/node_modules/require-in-the-middle/index.js:61:29)
    at require (internal/modules/cjs/helpers.js:72:18)
    at Object.<anonymous> (/Users/liuxing/Documents/Study/WeChat/koa-ws/src/index.js:1:13)
    at Module._compile (internal/modules/cjs/loader.js:1138:30)
    at Object.Module._extensions..js (internal/modules/cjs/loader.js:1158:10)
    at Module.load (internal/modules/cjs/loader.js:986:32)
    at Function.Module._load (internal/modules/cjs/loader.js:879:14)
    at /usr/local/lib/node_modules/pm2/lib/ProcessContainer.js:303:25
    at wrapper (/usr/local/lib/node_modules/pm2/node_modules/async/internal/once.js:12:16)
Error: Cannot find module 'koa'
Require stack:
- /Users/liuxing/Documents/Study/WeChat/koa-ws/src/index.js
    at Function.Module._resolveFilename (internal/modules/cjs/loader.js:966:15)
    at Module.Hook._require.Module.require (/usr/local/lib/node_modules/pm2/node_modules/require-in-the-middle/index.js:61:29)
    at require (internal/modules/cjs/helpers.js:72:18)
    at Object.<anonymous> (/Users/liuxing/Documents/Study/WeChat/koa-ws/src/index.js:1:13)
    at Module._compile (internal/modules/cjs/loader.js:1138:30)
    at Object.Module._extensions..js (internal/modules/cjs/loader.js:1158:10)
    at Module.load (internal/modules/cjs/loader.js:986:32)
    at Function.Module._load (internal/modules/cjs/loader.js:879:14)
    at /usr/local/lib/node_modules/pm2/lib/ProcessContainer.js:303:25
    at wrapper (/usr/local/lib/node_modules/pm2/node_modules/async/internal/once.js:12:16)
2020-06-10 19:06 +08:00: 
2020-06-10 19:06 +08:00:   TypeError: ctx.log is not a function
      at /Users/liuxing/Documents/Study/WeChat/koa-ws/src/index.js:24:7
      at processTicksAndRejections (internal/process/task_queues.js:97:5)
      at async koaMongo (/Users/liuxing/Documents/Study/WeChat/koa-ws/node_modules/koa-mongo/index.js:69:7)
2020-06-10 19:06 +08:00: 
