2020-06-10 19:07 +08:00: [
  {
    _id: 5edfaf0d62e08be2e9ef2130,
    play_url: 'https://www.bilibili.com/video/BV15Z4y1H7jh',
    img_url: 'https://i0.hdslb.com/bfs/archive/daa0e712623e120eaf9993f840dc41078afbcee0.jpg@228w_140h.webp',
    alt: 'Uzi | 大家好，我是你们的枣子哥简自豪，今天正式入驻B站啦！Uzi',
    detail: {
      play_num: '449.3万',
      view_num: '1.7万',
      author: 'Uzi',
      author_url: '//space.bilibili.com/42619059'
    }
  },
  {
    _id: 5edfaf0d62e08be2e9ef2131,
    play_url: 'https://www.bilibili.com/video/BV1mK4y1x7Mb',
    img_url: 'https://i0.hdslb.com/bfs/archive/d040103ce545ce5d65db3a8a3d60d80d25a8b893.jpg@228w_140h.webp',
    alt: '《Numb》——4K超清  翻唱怪物彼岸花',
    detail: {
      play_num: '368.6万',
      view_num: '1.5万',
      author: '怪物彼岸花',
      author_url: '//space.bilibili.com/11299160'
    }
  },
  {
    _id: 5edfaf0d62e08be2e9ef2132,
    play_url: 'https://www.bilibili.com/video/BV1aQ4y1P7S1',
    img_url: 'https://i0.hdslb.com/bfs/archive/8c2859a411e49da4fd48b1d41c53a1b921c36472.jpg@228w_140h.webp',
    alt: '“罪与罚的无限战争，经此一役，世间再无美利坚！”迪亚瓦尔Diaval',
    detail: {
      play_num: '144.9万',
      view_num: '5469',
      author: '迪亚瓦尔Diaval',
      author_url: '//space.bilibili.com/27259842'
    }
  },
  {
    _id: 5edfaf0d62e08be2e9ef2133,
    play_url: 'https://www.bilibili.com/video/BV1Pg4y1q7B1',
    img_url: '',
    alt: '骁话一下：种族动乱年年上演，美国权贵为何还能稳坐泰山？观察者网',
    detail: {
      play_num: '259.0万',
      view_num: '6.6万',
      author: '观察者网',
      author_url: '//space.bilibili.com/10330740'
    }
  },
  {
    _id: 5edfaf0d62e08be2e9ef2134,
    play_url: 'https://www.bilibili.com/video/BV1Tg4y1q7iK',
    img_url: '',
    alt: '情同手足某幻君',
    detail: {
      play_num: '316.5万',
      view_num: '4.8万',
      author: '某幻君',
      author_url: '//space.bilibili.com/1577804'
    }
  },
  {
    _id: 5edfaf0d62e08be2e9ef2135,
    play_url: 'https://www.bilibili.com/video/BV1dz4y197zd',
    img_url: '',
    alt: '《樱  桃  老  丸  子》绝对不再熬夜',
    detail: {
      play_num: '198.2万',
      view_num: '2604',
      author: '绝对不再熬夜',
      author_url: '//space.bilibili.com/576534137'
    }
  },
  {
    _id: 5edfaf0d62e08be2e9ef2136,
    play_url: 'https://www.bilibili.com/video/BV1Wa4y1v7qB',
    img_url: '',
    alt: '被上帝吻过的嗓子离阿毛',
    detail: {
      play_num: '345.1万',
      view_num: '1.6万',
      author: '离阿毛',
      author_url: '//space.bilibili.com/484831835'
    }
  },
  {
    _id: 5edfaf0d62e08be2e9ef2137,
    play_url: 'https://www.bilibili.com/video/BV1uZ4y1H7Fh',
    img_url: '',
    alt: '快给我住手！你喷错人了！！Reiji-白龙',
    detail: {
      play_num: '241.9万',
      view_num: '3790',
      author: 'Reiji-白龙',
      author_url: '//space.bilibili.com/318223'
    }
  },
  {
    _id: 5edfaf0d62e08be2e9ef2138,
    play_url: 'https://www.bilibili.com/video/BV1Fz411i75r',
    img_url: '',
    alt: '大家好我是周淑怡，今天正式入驻B站啦！一首《拍桌少女》送给大家！不2不叫周淑怡',
    detail: {
      play_num: '413.1万',
      view_num: '4.1万',
      author: '不2不叫周淑怡',
      author_url: '//space.bilibili.com/306895558'
    }
  },
  {
    _id: 5edfaf0d62e08be2e9ef2139,
    play_url: 'https://www.bilibili.com/video/BV1Sg4y1i78B',
    img_url: '',
    alt: '你们要抓的是新版狗熊 和我核弹有什么关系[有点骚东西]上海滩许Van强',
    detail: {
      play_num: '159.6万',
      view_num: '1.0万',
      author: '上海滩许Van强',
      author_url: '//space.bilibili.com/23604445'
    }
  },
  {
    _id: 5edfaf0d62e08be2e9ef213a,
    play_url: 'https://www.bilibili.com/video/BV1Pv41167FE',
    img_url: '',
    alt: '4斤重的烤羊腿！没见过世面的姐姐直接抱着啃...绵羊料理',
    detail: {
      play_num: '227.8万',
      view_num: '7040',
      author: '绵羊料理',
      author_url: '//space.bilibili.com/18202105'
    }
  },
  {
    _id: 5edfaf0d62e08be2e9ef213b,
    play_url: 'https://www.bilibili.com/video/BV1CT4y1E7rf',
    img_url: '',
    alt: '别让浑浑噩噩毁了你的生活！百万粉up主的时间管理心得分享！泛式',
    detail: {
      play_num: '67.9万',
      view_num: '4466',
      author: '泛式',
      author_url: '//space.bilibili.com/63231'
    }
  },
  {
    _id: 5edfaf0d62e08be2e9ef213c,
    play_url: 'https://www.bilibili.com/video/BV1pi4y147tQ',
    img_url: '',
    alt: '最 强 法 海推背兔の',
    detail: {
      play_num: '127.7万',
      view_num: '4787',
      author: '推背兔の',
      author_url: '//space.bilibili.com/96070394'
    }
  },
  {
    _id: 5edfaf0d62e08be2e9ef213d,
    play_url: 'https://www.bilibili.com/video/BV1g5411W7PN',
    img_url: '',
    alt: '扒开漂亮国的底裤，用事实告诉你，他到底有没有平等和自由【玄铁说】绝命老铁',
    detail: {
      play_num: '117.8万',
      view_num: '3.8万',
      author: '绝命老铁',
      author_url: '//space.bilibili.com/474521380'
    }
  },
  {
    _id: 5edfaf0d62e08be2e9ef213e,
    play_url: 'https://www.bilibili.com/video/BV1tZ4y1W7qm',
    img_url: '',
    alt: '厨师长解答：“炉灶的流动水不关”，不仅仅是“浪费水”这么简单美食作家王刚R',
    detail: {
      play_num: '190.4万',
      view_num: '9379',
      author: '美食作家王刚R',
      author_url: '//space.bilibili.com/290526283'
    }
  },
  {
    _id: 5edfaf0d62e08be2e9ef213f,
    play_url: 'https://www.bilibili.com/video/BV1sz4y197L8',
    img_url: '',
    alt: '我赌你的枪不会唱歌DOGE-7',
    detail: {
      play_num: '82.9万',
      view_num: '1824',
      author: 'DOGE-7',
      author_url: '//space.bilibili.com/276520412'
    }
  },
  {
    _id: 5edfaf0d62e08be2e9ef2140,
    play_url: 'https://www.bilibili.com/video/BV1pD4y1D7r7',
    img_url: '',
    alt: '默契挑战！！老番茄',
    detail: {
      play_num: '157.0万',
      view_num: '2.9万',
      author: '老番茄',
      author_url: '//space.bilibili.com/546195'
    }
  },
  {
    _id: 5edfaf0d62e08be2e9ef2141,
    play_url: 'https://www.bilibili.com/video/BV1cC4y1a7wP',
    img_url: '',
    alt: '女顾客竟然提出了这种要求！【摆摊系列】凉风Kaze',
    detail: {
      play_num: '205.6万',
      view_num: '1.5万',
      author: '凉风Kaze',
      author_url: '//space.bilibili.com/14110780'
    }
  },
  {
    _id: 5edfaf0d62e08be2e9ef2142,
    play_url: 'https://www.bilibili.com/video/BV16A411v7A3',
    img_url: '',
    alt: '我的世界真好玩！与山0v0',
    detail: {
      play_num: '75.5万',
      view_num: '5.8万',
      author: '与山0v0',
      author_url: '//space.bilibili.com/26240675'
    }
  },
  {
    _id: 5edfaf0d62e08be2e9ef2143,
    play_url: 'https://www.bilibili.com/video/BV1Ri4y1s7Xq',
    img_url: '',
    alt: '【贝爷】探索者们，我开通B站账号了！让我们一起永不放弃！贝尔-格里尔斯',
    detail: {
      play_num: '183.3万',
      view_num: '7863',
      author: '贝尔-格里尔斯',
      author_url: '//space.bilibili.com/515015078'
    }
  },
  {
    _id: 5edfaf0d62e08be2e9ef2144,
    play_url: 'https://www.bilibili.com/video/BV1Fi4y1x7n7',
    img_url: '',
    alt: '印度愤青的新花样——卸载中国软件  印度封国的第七十四天印度胖亚瑟',
    detail: {
      play_num: '133.1万',
      view_num: '4862',
      author: '印度胖亚瑟',
      author_url: '//space.bilibili.com/300159010'
    }
  },
  {
    _id: 5edfaf0d62e08be2e9ef2145,
    play_url: 'https://www.bilibili.com/video/BV1kV411r7gb',
    img_url: '',
    alt: '情侣摆摊一小时狂赚5000块，当场花完，爽！宝剑嫂',
    detail: {
      play_num: '122.8万',
      view_num: '8408',
      author: '宝剑嫂',
      author_url: '//space.bilibili.com/113362335'
    }
  },
  {
    _id: 5edfaf0d62e08be2e9ef2146,
    play_url: 'https://www.bilibili.com/video/BV1dK4y1t7jf',
    img_url: '',
    alt: '【华农兄弟】青花瓷(请华吃)红色激情',
    detail: {
      play_num: '58.9万',
      view_num: '5253',
      author: '红色激情',
      author_url: '//space.bilibili.com/25422790'
    }
  },
  {
    _id: 5edfaf0d62e08be2e9ef2147,
    play_url: 'https://www.bilibili.com/video/BV18Z4y1W7Au',
    img_url: '',
    alt: '如何拒绝别人小透明阿九',
    detail: {
      play_num: '79.1万',
      view_num: '2664',
      author: '小透明阿九',
      author_url: '//space.bilibili.com/10897973'
    }
  },
  {
    _id: 5edfaf0d62e08be2e9ef2148,
    play_url: 'https://www.bilibili.com/video/BV1bK411p7QE',
    img_url: '',
    alt: '得罪人挑战在下哲别',
    detail: {
      play_num: '212.3万',
      view_num: '3.6万',
      author: '在下哲别',
      author_url: '//space.bilibili.com/416128940'
    }
  },
  {
    _id: 5edfaf0d62e08be2e9ef2149,
    play_url: 'https://www.bilibili.com/video/BV1ug4y1q7YH',
    img_url: '',
    alt: '谋 权 篡 位 4小潮院长',
    detail: {
      play_num: '149.1万',
      view_num: '1.3万',
      author: '小潮院长',
      author_url: '//space.bilibili.com/5970160'
    }
  },
  {
    _id: 5edfaf0d62e08be2e9ef214a,
    play_url: 'https://www.bilibili.com/video/BV1ia4y1v7Hw',
    img_url: '',
    alt: '【半佛】盲目创业是一道送命题硬核的半佛仙人',
    detail: {
      play_num: '114.0万',
      view_num: '7126',
      author: '硬核的半佛仙人',
      author_url: '//space.bilibili.com/37663924'
    }
  },
  {
    _id: 5edfaf0d62e08be2e9ef214b,
    play_url: 'https://www.bilibili.com/video/BV1QA411q79Z',
    img_url: '',
    alt: '睡前「鸡尾酒式瘦脸法」瘦咬肌、去面部水肿、正体态，堪比整容！闫帅奇',
    detail: {
      play_num: '26.9万',
      view_num: '826',
      author: '闫帅奇',
      author_url: '//space.bilibili.com/434378423'
    }
  },
  {
    _id: 5edfaf0d62e08be2e9ef214c,
    play_url: 'https://www.bilibili.com/video/BV1xT4y1g7KZ',
    img_url: '',
    alt: '干货! 成绩全A的UP主讲述留学生常走的五条弯路!渗透之C君',
    detail: {
      play_num: '52.7万',
      view_num: '3744',
      author: '渗透之C君',
      author_url: '//space.bilibili.com/4162287'
    }
  },
  {
    _id: 5edfaf0d62e08be2e9ef214d,
    play_url: 'https://www.bilibili.com/video/BV18a4y1v7Da',
    img_url: '',
    alt: '热水澡老坛胡说',
    detail: {
      play_num: '91.2万',
      view_num: '6077',
      author: '老坛胡说',
      author_url: '//space.bilibili.com/279583114'
    }
  },
  {
    _id: 5edfaf0d62e08be2e9ef214e,
    play_url: 'https://www.bilibili.com/video/BV1iA411v7qJ',
    img_url: '',
    alt: '新现场·英国国家剧院《科利奥兰纳斯》全球限时免费上映！新现场',
    detail: {
      play_num: '62.2万',
      view_num: '4549',
      author: '新现场',
      author_url: '//space.bilibili.com/147745755'
    }
  },
  {
    _id: 5edfaf0d62e08be2e9ef214f,
    play_url: 'https://www.bilibili.com/video/BV1pv41167CH',
    img_url: '',
    alt: '这才叫演员，那些骗钱的渣渣们还有脸演戏吗wrizedm',
    detail: {
      play_num: '121.3万',
      view_num: '2756',
      author: 'wrizedm',
      author_url: '//space.bilibili.com/346749212'
    }
  },
  {
    _id: 5edfaf0d62e08be2e9ef2150,
    play_url: 'https://www.bilibili.com/video/BV12z4y197pz',
    img_url: '',
    alt: '香港雀巢咖啡粤语动画宣传广告英梨梨゙',
    detail: {
      play_num: '59.1万',
      view_num: '1447',
      author: '英梨梨゙',
      author_url: '//space.bilibili.com/98960802'
    }
  },
  {
    _id: 5edfaf0d62e08be2e9ef2151,
    play_url: 'https://www.bilibili.com/video/BV1YV411r7xs',
    img_url: '',
    alt: '【罗翔vs半佛】专家没有灵魂？知识要广还是要精？好奇星人知识酱',
    detail: {
      play_num: '103.3万',
      view_num: '1.1万',
      author: '好奇星人知识酱',
      author_url: '//space.bilibili.com/517491339'
    }
  },
  {
    _id: 5edfaf0d62e08be2e9ef2152,
    play_url: 'https://www.bilibili.com/video/BV1iK4y1x7T3',
    img_url: '',
    alt: '【英雄联盟画心】没想到吧，LOL也能画心，还这么好看～四菜一汤Game',
    detail: {
      play_num: '81.8万',
      view_num: '628',
      author: '四菜一汤Game',
      author_url: '//space.bilibili.com/511344251'
    }
  },
  {
    _id: 5edfaf0d62e08be2e9ef2153,
    play_url: 'https://www.bilibili.com/video/BV1xz411i7FK',
    img_url: '',
    alt: '为何美国疫情死十万人，社会震动不如一个非裔之死？我是郭杰瑞',
    detail: {
      play_num: '186.0万',
      view_num: '4607',
      author: '我是郭杰瑞',
      author_url: '//space.bilibili.com/176037767'
    }
  },
  {
    _id: 5edfaf0d62e08be2e9ef2154,
    play_url: 'https://www.bilibili.com/video/BV1ut4y1y75J',
    img_url: '',
    alt: '追男生硬核攻略教学  轻轻松松 从入门到精通-黎澈-',
    detail: {
      play_num: '47.3万',
      view_num: '1.0万',
      author: '-黎澈-',
      author_url: '//space.bilibili.com/57741276'
    }
  },
  {
    _id: 5edfaf0d62e08be2e9ef2155,
    play_url: 'https://www.bilibili.com/video/BV1LJ411W7Bo',
    img_url: '',
    alt: '满级大佬屠杀新手村Ueroey',
    detail: {
      play_num: '85.1万',
      view_num: '2061',
      author: 'Ueroey',
      author_url: '//space.bilibili.com/247412150'
    }
  },
  {
    _id: 5edfaf0d62e08be2e9ef2156,
    play_url: 'https://www.bilibili.com/video/BV1UT4y1E78n',
    img_url: '',
    alt: '做了一个生日蛋糕涂抹器手工耿',
    detail: {
      play_num: '173.3万',
      view_num: '1.3万',
      author: '手工耿',
      author_url: '//space.bilibili.com/280793434'
    }
  },
  {
    _id: 5edfaf0d62e08be2e9ef2157,
    play_url: 'https://www.bilibili.com/video/BV1rg4y1i7MB',
    img_url: '',
    alt: '我的双脚不受自己控制！花少北丶',
    detail: {
      play_num: '99.6万',
      view_num: '1.9万',
      author: '花少北丶',
      author_url: '//space.bilibili.com/2206456'
    }
  },
  {
    _id: 5edfaf0d62e08be2e9ef2158,
    play_url: 'https://www.bilibili.com/video/BV1Na4y1Y7kQ',
    img_url: '',
    alt: '#钟美美#钟美美所有作品合集(时长53分钟)-孤独的造梦者-',
    detail: {
      play_num: '43.6万',
      view_num: '1.2万',
      author: '-孤独的造梦者-',
      author_url: '//space.bilibili.com/112938553'
    }
  },
  {
    _id: 5edfaf0d62e08be2e9ef2159,
    play_url: 'https://www.bilibili.com/video/BV12V411r7yJ',
    img_url: '',
    alt: '打 工 日 记中国BOY超级大猩猩',
    detail: {
      play_num: '88.9万',
      view_num: '1.7万',
      author: '中国BOY超级大猩猩',
      author_url: '//space.bilibili.com/562197'
    }
  },
  {
    _id: 5edfaf0d62e08be2e9ef215a,
    play_url: 'https://www.bilibili.com/video/BV17v41167eg',
    img_url: '',
    alt: '前NASA工程师和偷吃鸟食的4只小松鼠斗智斗勇！YouTube精选字幕组',
    detail: {
      play_num: '61.0万',
      view_num: '3951',
      author: 'YouTube精选字幕组',
      author_url: '//space.bilibili.com/487511093'
    }
  },
  {
    _id: 5edfaf0d62e08be2e9ef215b,
    play_url: 'https://www.bilibili.com/video/BV1gf4y1277v',
    img_url: '',
    alt: '【川普】没人比我更懂China！伊丽莎白鼠',
    detail: {
      play_num: '78.7万',
      view_num: '3172',
      author: '伊丽莎白鼠',
      author_url: '//space.bilibili.com/375375'
    }
  },
  {
    _id: 5edfaf0d62e08be2e9ef215c,
    play_url: 'https://www.bilibili.com/video/BV1uf4y127Ab',
    img_url: '',
    alt: '小时候看笑话，长大后看真实喜娃桑',
    detail: {
      play_num: '37.6万',
      view_num: '3035',
      author: '喜娃桑',
      author_url: '//space.bilibili.com/13899470'
    }
  },
  {
    _id: 5edfaf0d62e08be2e9ef215d,
    play_url: 'https://www.bilibili.com/video/BV1ZZ4y1n7hW',
    img_url: '',
    alt: '猪皮猫被拖去洗澡，分哥急得嗷嗷叫，浴室差点拆掉！【花花与三猫】花花与三猫CatLive',
    detail: {
      play_num: '108.5万',
      view_num: '1.0万',
      author: '花花与三猫CatLive',
      author_url: '//space.bilibili.com/9008159'
    }
  },
  {
    _id: 5edfaf0d62e08be2e9ef215e,
    play_url: 'https://www.bilibili.com/video/BV1FC4y1a7MB',
    img_url: '',
    alt: '不放一滴油的滑蛋猪排饭，也能馋倒隔壁八个大汉！夜深人静时灵魂的养料爱做饭的芋头SAMA',
    detail: {
      play_num: '79.9万',
      view_num: '3548',
      author: '爱做饭的芋头SAMA',
      author_url: '//space.bilibili.com/17409016'
    }
  },
  {
    _id: 5edfaf0d62e08be2e9ef215f,
    play_url: 'https://www.bilibili.com/video/BV1vK4y1x7Fg',
    img_url: '',
    alt: '【木鱼微剧场】豆瓣8.8，把自杀拍成喜剧的票房冠军《一个叫欧维的男人决定去死》前面让人笑个不停，后面让人热泪盈眶木鱼水心',
    detail: {
      play_num: '71.5万',
      view_num: '1.0万',
      author: '木鱼水心',
      author_url: '//space.bilibili.com/927587'
    }
  },
  {
    _id: 5edfaf0d62e08be2e9ef2160,
    play_url: 'https://www.bilibili.com/video/BV1SK4y1x7QN',
    img_url: '',
    alt: '有趣的灵魂400多斤，这部电影后劲太大了，看完可能会改变人生刘大白故事',
    detail: {
      play_num: '68.7万',
      view_num: '1921',
      author: '刘大白故事',
      author_url: '//space.bilibili.com/373404409'
    }
  },
  {
    _id: 5edfaf0d62e08be2e9ef2161,
    play_url: 'https://www.bilibili.com/video/BV12f4y1272j',
    img_url: '',
    alt: '能看到第15秒吗？三千转',
    detail: {
      play_num: '64.0万',
      view_num: '3098',
      author: '三千转',
      author_url: '//space.bilibili.com/316641949'
    }
  },
  {
    _id: 5edfaf0d62e08be2e9ef2162,
    play_url: 'https://www.bilibili.com/video/BV1oT4y1E7ym',
    img_url: '',
    alt: '【崩坏3】 德 丽 莎 · 琴 魔拉环儿_',
    detail: {
      play_num: '45.3万',
      view_num: '1386',
      author: '拉环儿_',
      author_url: '//space.bilibili.com/20247643'
    }
  },
  {
    _id: 5edfaf0d62e08be2e9ef2163,
    play_url: 'https://www.bilibili.com/video/BV1iQ4y1P7Ck',
    img_url: '',
    alt: '【睡前消息125】日本这一手“装鸵鸟大法”，真熬过了疫情？观视频工作室',
    detail: {
      play_num: '93.7万',
      view_num: '3.2万',
      author: '观视频工作室',
      author_url: '//space.bilibili.com/54992199'
    }
  },
  {
    _id: 5edfaf0d62e08be2e9ef2164,
    play_url: 'https://www.bilibili.com/video/BV1wv41167VN',
    img_url: '',
    alt: '桥都贪没了？ ？   2/3超果果mc',
    detail: {
      play_num: '112.5万',
      view_num: '4660',
      author: '超果果mc',
      author_url: '//space.bilibili.com/7450650'
    }
  },
  {
    _id: 5edfaf0d62e08be2e9ef2165,
    play_url: 'https://www.bilibili.com/video/BV1fC4y1h7ve',
    img_url: '',
    alt: '【朱一旦】195 为了给堂弟找女朋友，特地举办了一场比赛朱一旦的枯燥生活',
    detail: {
      play_num: '196.3万',
      view_num: '7019',
      author: '朱一旦的枯燥生活',
      author_url: '//space.bilibili.com/437316738'
    }
  },
  {
    _id: 5edfaf0d62e08be2e9ef2166,
    play_url: 'https://www.bilibili.com/video/BV1UK4y1x7tC',
    img_url: '',
    alt: '在VR中大战灭霸！！徐大虾咯',
    detail: {
      play_num: '91.7万',
      view_num: '1.8万',
      author: '徐大虾咯',
      author_url: '//space.bilibili.com/13354765'
    }
  },
  {
    _id: 5edfaf0d62e08be2e9ef2167,
    play_url: 'https://www.bilibili.com/video/BV1HC4y1p7nn',
    img_url: '',
    alt: 'B站的儿童节礼物：哔哩哔哩视频卫星，把世界拍给你看！哔哩哔哩视频卫星',
    detail: {
      play_num: '125.0万',
      view_num: '3604',
      author: '哔哩哔哩视频卫星',
      author_url: '//space.bilibili.com/591889353'
    }
  },
  {
    _id: 5edfaf0d62e08be2e9ef2168,
    play_url: 'https://www.bilibili.com/video/BV1k5411p74g',
    img_url: '',
    alt: '不要“走音”挑战！（第三期）视角姬',
    detail: {
      play_num: '112.5万',
      view_num: '1.5万',
      author: '视角姬',
      author_url: '//space.bilibili.com/52250'
    }
  },
  {
    _id: 5edfaf0d62e08be2e9ef2169,
    play_url: 'https://www.bilibili.com/video/BV1nz411i7Ea',
    img_url: '',
    alt: '习惯戴围脖了，所以无论放什么都往前伸头的猫咪（啊啊啊啊啊啊啊啊太萌了阿伟死了）瑄江安泰',
    detail: {
      play_num: '80.4万',
      view_num: '408',
      author: '瑄江安泰',
      author_url: '//space.bilibili.com/180538092'
    }
  },
  {
    _id: 5edfaf0d62e08be2e9ef216a,
    play_url: 'https://www.bilibili.com/video/BV1pV411r7UR',
    img_url: '',
    alt: '2分钟回顾耿爽精彩回应！你印象最深的是哪句？共青团中央',
    detail: {
      play_num: '86.5万',
      view_num: '6712',
      author: '共青团中央',
      author_url: '//space.bilibili.com/20165629'
    }
  },
  {
    _id: 5edfaf0d62e08be2e9ef216b,
    play_url: 'https://www.bilibili.com/video/BV1Zp4y1S7i3',
    img_url: '',
    alt: '10分钟拍大片挑战！[LKs+影视飓风+十音+林海音]-LKs-',
    detail: {
      play_num: '47.1万',
      view_num: '2.6万',
      author: '-LKs-',
      author_url: '//space.bilibili.com/125526'
    }
  },
  {
    _id: 5edfaf0d62e08be2e9ef216c,
    play_url: 'https://www.bilibili.com/video/BV1Nv411671u',
    img_url: '',
    alt: '如果不是真的喜欢，谁愿意当舔狗？惜缘、过去',
    detail: {
      play_num: '85.2万',
      view_num: '1964',
      author: '惜缘、过去',
      author_url: '//space.bilibili.com/159122'
    }
  },
  {
    _id: 5edfaf0d62e08be2e9ef216d,
    play_url: 'https://www.bilibili.com/video/BV1QA411q7NC',
    img_url: '',
    alt: '看看他最后是怎么离开死循环的新大便势力',
    detail: {
      play_num: '58.4万',
      view_num: '996',
      author: '新大便势力',
      author_url: '//space.bilibili.com/299291982'
    }
  },
  {
    _id: 5edfaf0d62e08be2e9ef216e,
    play_url: 'https://www.bilibili.com/video/BV1qz411i72W',
    img_url: '',
    alt: '【校园反骗】白嫖多名UP主从不点赞，当警察冲进来，才知道自己犯罪了？大漠叔叔',
    detail: {
      play_num: '109.2万',
      view_num: '6235',
      author: '大漠叔叔',
      author_url: '//space.bilibili.com/67141499'
    }
  },
  {
    _id: 5edfaf0d62e08be2e9ef216f,
    play_url: 'https://www.bilibili.com/video/BV1iQ4y1P7gy',
    img_url: '',
    alt: '七月又出骚操作！五部作品三部禁播？魔物娘猪突猛进！隐紫大人不会吐槽',
    detail: {
      play_num: '52.8万',
      view_num: '3717',
      author: '隐紫大人不会吐槽',
      author_url: '//space.bilibili.com/3151252'
    }
  },
  {
    _id: 5edfaf0d62e08be2e9ef2170,
    play_url: 'https://www.bilibili.com/video/BV13K411p73L',
    img_url: '',
    alt: '这首《Sway》直击人的灵魂，并拯救了处于低谷期的我！MJ小林大人嗷',
    detail: {
      play_num: '28.8万',
      view_num: '795',
      author: 'MJ小林大人嗷',
      author_url: '//space.bilibili.com/114397228'
    }
  },
  {
    _id: 5edfaf0d62e08be2e9ef2171,
    play_url: 'https://www.bilibili.com/video/BV1dz4y197EA',
    img_url: '',
    alt: '这就是美国! 这就是哥谭!! 这就是黑暗骑士崛起!!!FUSION-TV',
    detail: {
      play_num: '47.6万',
      view_num: '1042',
      author: 'FUSION-TV',
      author_url: '//space.bilibili.com/257433099'
    }
  },
  {
    _id: 5edfaf0d62e08be2e9ef2172,
    play_url: 'https://www.bilibili.com/video/BV1ca4y1Y7cg',
    img_url: '',
    alt: '佟掌柜想让我告白上白石萌音',
    detail: {
      play_num: '55.6万',
      view_num: '983',
      author: '上白石萌音',
      author_url: '//space.bilibili.com/27043295'
    }
  },
  {
    _id: 5edfaf0d62e08be2e9ef2173,
    play_url: 'https://www.bilibili.com/video/BV1Jk4y1r7NM',
    img_url: '',
    alt: '这 次 ，拜 托 大 家 了 ！突击手蜜獾',
    detail: {
      play_num: '47.8万',
      view_num: '4534',
      author: '突击手蜜獾',
      author_url: '//space.bilibili.com/416523954'
    }
  },
  {
    _id: 5edfaf0d62e08be2e9ef2174,
    play_url: 'https://www.bilibili.com/video/BV1oT4y1E7Tj',
    img_url: '',
    alt: '耗时86400秒！！算了，你们白嫖吧！血小板゚゚゚゚゚゚',
    detail: {
      play_num: '45.5万',
      view_num: '1072',
      author: '血小板゚゚゚゚゚゚',
      author_url: '//space.bilibili.com/270494247'
    }
  },
  {
    _id: 5edfaf0d62e08be2e9ef2175,
    play_url: 'https://www.bilibili.com/video/BV17z411i7Pf',
    img_url: '',
    alt: '【孙子冰法】防沉迷、宵禁、限充，为什么我们总是管不住未成年人玩游戏？芒果冰OL',
    detail: {
      play_num: '51.9万',
      view_num: '6823',
      author: '芒果冰OL',
      author_url: '//space.bilibili.com/617285'
    }
  },
  {
    _id: 5edfaf0d62e08be2e9ef2176,
    play_url: 'https://www.bilibili.com/video/BV1FK4y147N9',
    img_url: '',
    alt: '广 场 舞 大 妈 大 闹 B 站一马平川的妥妥',
    detail: {
      play_num: '68.4万',
      view_num: '5154',
      author: '一马平川的妥妥',
      author_url: '//space.bilibili.com/23085689'
    }
  },
  {
    _id: 5edfaf0d62e08be2e9ef2177,
    play_url: 'https://www.bilibili.com/video/BV1GZ4y1H7hB',
    img_url: '',
    alt: 'Uzi退役后各路明星的祝福战神奥利奥',
    detail: {
      play_num: '85.3万',
      view_num: '2.3万',
      author: '战神奥利奥',
      author_url: '//space.bilibili.com/91460232'
    }
  },
  {
    _id: 5edfaf0d62e08be2e9ef2178,
    play_url: 'https://www.bilibili.com/video/BV1Yt4y1y7T6',
    img_url: '',
    alt: '地 摊 阵 线 联 盟倒悬的橘子',
    detail: {
      play_num: '68.6万',
      view_num: '736',
      author: '倒悬的橘子',
      author_url: '//space.bilibili.com/40966108'
    }
  },
  {
    _id: 5edfaf0d62e08be2e9ef2179,
    play_url: 'https://www.bilibili.com/video/BV13p4y1D7xC',
    img_url: '',
    alt: '世界上最烂游戏 作者做了个半成品就敢拿来卖黑镖客梦回',
    detail: {
      play_num: '51.4万',
      view_num: '3167',
      author: '黑镖客梦回',
      author_url: '//space.bilibili.com/10558098'
    }
  },
  {
    _id: 5edfaf0d62e08be2e9ef217a,
    play_url: 'https://www.bilibili.com/video/BV1FZ4y1H7gh',
    img_url: '',
    alt: '纸上谈兵叶无趣',
    detail: {
      play_num: '85.9万',
      view_num: '2602',
      author: '叶无趣',
      author_url: '//space.bilibili.com/28330240'
    }
  },
  {
    _id: 5edfaf0d62e08be2e9ef217b,
    play_url: 'https://www.bilibili.com/video/BV1Xf4y1276s',
    img_url: '',
    alt: '日本妹子说不要的真相是什么？ 困扰很久的问题终于。。。纳豆奶奶',
    detail: {
      play_num: '69.0万',
      view_num: '8513',
      author: '纳豆奶奶',
      author_url: '//space.bilibili.com/6574487'
    }
  },
  {
    _id: 5edfaf0d62e08be2e9ef217c,
    play_url: 'https://www.bilibili.com/video/BV1Wa4y1v7iY',
    img_url: '',
    alt: '挑战在B站总部当众自称公主机智的党妹',
    detail: {
      play_num: '71.8万',
      view_num: '8167',
      author: '机智的党妹',
      author_url: '//space.bilibili.com/466272'
    }
  },
  {
    _id: 5edfaf0d62e08be2e9ef217d,
    play_url: 'https://www.bilibili.com/video/BV18Q4y1P7V3',
    img_url: '',
    alt: '老板：“这个大西瓜务必给我雕刻出耿爽的样子！”三毛水果艺术',
    detail: {
      play_num: '66.0万',
      view_num: '1925',
      author: '三毛水果艺术',
      author_url: '//space.bilibili.com/352248648'
    }
  },
  {
    _id: 5edfaf0d62e08be2e9ef217e,
    play_url: 'https://www.bilibili.com/video/BV1YK4y1x7eg',
    img_url: '',
    alt: '华农兄弟：称一下狗子多重，再看下兄弟养的兔子，顺便泡一下温泉华农兄弟',
    detail: {
      play_num: '145.4万',
      view_num: '2.5万',
      author: '华农兄弟',
      author_url: '//space.bilibili.com/250858633'
    }
  },
  {
    _id: 5edfaf0d62e08be2e9ef217f,
    play_url: 'https://www.bilibili.com/video/BV1Mk4y1z7ey',
    img_url: '',
    alt: '【川普】浮夸，是一个卧底最好的掩饰超音速君',
    detail: {
      play_num: '38.6万',
      view_num: '3498',
      author: '超音速君',
      author_url: '//space.bilibili.com/57676402'
    }
  },
  {
    _id: 5edfaf0d62e08be2e9ef2180,
    play_url: 'https://www.bilibili.com/video/BV16i4y1s7Jw',
    img_url: '',
    alt: '【Animenz】名侦探柯南 主题曲 钢琴版Animenzzz',
    detail: {
      play_num: '31.4万',
      view_num: '1778',
      author: 'Animenzzz',
      author_url: '//space.bilibili.com/6075139'
    }
  },
  {
    _id: 5edfaf0d62e08be2e9ef2181,
    play_url: 'https://www.bilibili.com/video/BV1UT4y1E7ok',
    img_url: '',
    alt: '屁股，是被你自己坐！扁！的！（P2 跟练解决）叔贵',
    detail: {
      play_num: '21.5万',
      view_num: '793',
      author: '叔贵',
      author_url: '//space.bilibili.com/1531707'
    }
  },
  {
    _id: 5edfaf0d62e08be2e9ef2182,
    play_url: 'https://www.bilibili.com/video/BV1BK4y1x7it',
    img_url: '',
    alt: '挑战把100颗大白兔奶糖做成超大大白兔奶糖，帅小伙能成功吗？记录生活的蛋黄派',
    detail: {
      play_num: '108.1万',
      view_num: '1.8万',
      author: '记录生活的蛋黄派',
      author_url: '//space.bilibili.com/337521240'
    }
  },
  {
    _id: 5edfaf0d62e08be2e9ef2183,
    play_url: 'https://www.bilibili.com/video/BV1fv411z7uH',
    img_url: '',
    alt: '猫咪发现床单很丝滑后…DL诺言',
    detail: {
      play_num: '67.2万',
      view_num: '162',
      author: 'DL诺言',
      author_url: '//space.bilibili.com/486806689'
    }
  },
  {
    _id: 5edfaf0d62e08be2e9ef2184,
    play_url: 'https://www.bilibili.com/video/BV1up4y1D74L',
    img_url: '',
    alt: '一周不重样鸡胸肉腌制法+2款巨嫩鸡胸肉做法！嫩出汁！悠悠食记',
    detail: {
      play_num: '19.0万',
      view_num: '210',
      author: '悠悠食记',
      author_url: '//space.bilibili.com/242005097'
    }
  },
  {
    _id: 5edfaf0d62e08be2e9ef2185,
    play_url: 'https://www.bilibili.com/video/BV1a54y1Q7mi',
    img_url: '',
    alt: '不打折就倒闭！618十双好鞋推荐～zettaranc',
    detail: {
      play_num: '62.0万',
      view_num: '1.1万',
      author: 'zettaranc',
      author_url: '//space.bilibili.com/326246517'
    }
  },
  {
    _id: 5edfaf0d62e08be2e9ef2186,
    play_url: 'https://www.bilibili.com/video/BV11K4y1x7Ky',
    img_url: '',
    alt: '王老菊带你回忆童年，25年前的游戏怕上火暴王老菊',
    detail: {
      play_num: '67.8万',
      view_num: '1.2万',
      author: '怕上火暴王老菊',
      author_url: '//space.bilibili.com/423895'
    }
  },
  {
    _id: 5edfaf0d62e08be2e9ef2187,
    play_url: 'https://www.bilibili.com/video/BV1sZ4y1W7x5',
    img_url: '',
    alt: '单  刀  赴  会旋转的格雷福斯',
    detail: {
      play_num: '118.3万',
      view_num: '664',
      author: '旋转的格雷福斯',
      author_url: '//space.bilibili.com/602118485'
    }
  },
  {
    _id: 5edfaf0d62e08be2e9ef2188,
    play_url: 'https://www.bilibili.com/video/BV1og4y1i7r8',
    img_url: '',
    alt: '第一次接触女孩子狮鸥藏夹',
    detail: {
      play_num: '131.5万',
      view_num: '361',
      author: '狮鸥藏夹',
      author_url: '//space.bilibili.com/585177236'
    }
  },
  {
    _id: 5edfaf0d62e08be2e9ef2189,
    play_url: 'https://www.bilibili.com/video/BV1BT4y1E7jS',
    img_url: '',
    alt: '川普发推大喝三声CHINA！随后推特被中国人占领知日酱',
    detail: {
      play_num: '112.5万',
      view_num: '5657',
      author: '知日酱',
      author_url: '//space.bilibili.com/501183549'
    }
  },
  {
    _id: 5edfaf0d62e08be2e9ef218a,
    play_url: 'https://www.bilibili.com/video/BV1sa4y1v7WC',
    img_url: '',
    alt: '在宿舍做了一整只鸡啃着吃 滑滑嫩嫩有点香假美食po主',
    detail: {
      play_num: '76.7万',
      view_num: '1.0万',
      author: '假美食po主',
      author_url: '//space.bilibili.com/26139491'
    }
  },
  {
    _id: 5edfaf0d62e08be2e9ef218b,
    play_url: 'https://www.bilibili.com/video/BV1Mt4y1y7ZU',
    img_url: '',
    alt: '这才叫渣女！！！一点小生',
    detail: {
      play_num: '102.7万',
      view_num: '1441',
      author: '一点小生',
      author_url: '//space.bilibili.com/519392580'
    }
  },
  {
    _id: 5edfaf0d62e08be2e9ef218c,
    play_url: 'https://www.bilibili.com/video/BV1hT4y1g7mY',
    img_url: '',
    alt: '肥宅：我拿枪当老婆有什么错？？【解说全覆盖16期】南云鸟羽',
    detail: {
      play_num: '79.7万',
      view_num: '769',
      author: '南云鸟羽',
      author_url: '//space.bilibili.com/1543732'
    }
  },
  {
    _id: 5edfaf0d62e08be2e9ef218d,
    play_url: 'https://www.bilibili.com/video/BV1mK4y1x7TU',
    img_url: '',
    alt: '一天一夜成就四斤无骨凤爪，大sao做菜做到自闭，小肥羊却爆发了徐大sao',
    detail: {
      play_num: '121.1万',
      view_num: '1.3万',
      author: '徐大sao',
      author_url: '//space.bilibili.com/390461123'
    }
  },
  {
    _id: 5edfaf0d62e08be2e9ef218e,
    play_url: 'https://www.bilibili.com/video/BV11z4y197Q2',
    img_url: '',
    alt: '鬼：我还是第一次被人耍了！折腾5号',
    detail: {
      play_num: '105.0万',
      view_num: '2266',
      author: '折腾5号',
      author_url: '//space.bilibili.com/927687'
    }
  },
  {
    _id: 5edfaf0d62e08be2e9ef218f,
    play_url: 'https://www.bilibili.com/video/BV14a4y1e7ds',
    img_url: '',
    alt: '腿是不是没用的霸霸儒宋',
    detail: {
      play_num: '132.4万',
      view_num: '138',
      author: '霸霸儒宋',
      author_url: '//space.bilibili.com/328473325'
    }
  },
  {
    _id: 5edfaf0d62e08be2e9ef2190,
    play_url: 'https://www.bilibili.com/video/BV17a4y1v7LT',
    img_url: '',
    alt: 'B站首个4K裸眼3D，抠了80小时，头发都秃了你说怎么办？百万裸眼3D狮',
    detail: {
      play_num: '44.6万',
      view_num: '446',
      author: '百万裸眼3D狮',
      author_url: '//space.bilibili.com/518857093'
    }
  },
  {
    _id: 5edfaf0d62e08be2e9ef2191,
    play_url: 'https://www.bilibili.com/video/BV12K4y1x73H',
    img_url: '',
    alt: '迟早被美国示威者笑死哈哈哈哈哈YI小星',
    detail: {
      play_num: '167.0万',
      view_num: '149',
      author: 'YI小星',
      author_url: '//space.bilibili.com/334681994'
    }
  },
  {
    _id: 5edfaf0d62e08be2e9ef2192,
    play_url: 'https://www.bilibili.com/video/BV1qT4y1E7Cj',
    img_url: '',
    alt: '【医学博士】揭秘商家是如何骗你钱的？不喝奶茶就是戒糖，别天真了！兔叭咯',
    detail: {
      play_num: '66.5万',
      view_num: '4214',
      author: '兔叭咯',
      author_url: '//space.bilibili.com/7788379'
    }
  },
  {
    _id: 5edfaf0d62e08be2e9ef2193,
    play_url: 'https://www.bilibili.com/video/BV1fA411q7XA',
    img_url: 'https://i0.hdslb.com/bfs/archive/96c1ac10bfb0fb49f5e4238524a3844ed4964964.jpg@228w_140h.webp',
    alt: '巨石强森喊话美国总统：你在哪？人民网',
    detail: {
      play_num: '145.7万',
      view_num: '1516',
      author: '人民网',
      author_url: '//space.bilibili.com/33775467'
    }
  }
]
